Started GET "/books/1-603-09398-2" for ::1 at 2023-05-01 15:45:12 +0800
  [1m[36mActiveRecord::SchemaMigration Pluck (0.5ms)[0m  [1m[34mSELECT "schema_migrations"."version" FROM "schema_migrations" ORDER BY "schema_migrations"."version" ASC[0m
Processing by BooksController#show as */*
  Parameters: {"id"=>"1-603-09398-2"}
  [1m[36mBook Load (0.4ms)[0m  [1m[34mSELECT "books".* FROM "books" WHERE "books"."isbn" = $1 LIMIT $2[0m  [["isbn", "9781603093989"], ["LIMIT", 1]]
  ↳ app/services/books_services/get_book.rb:14:in `book'
  [1m[36mAuthor Pluck (0.8ms)[0m  [1m[34mSELECT "authors"."first_name", "authors"."middle_name", "authors"."last_name" FROM "authors" INNER JOIN "book_authors" ON "authors"."id" = "book_authors"."author_id" WHERE "book_authors"."book_id" = $1[0m  [["book_id", 9781603093989]]
  ↳ app/models/book.rb:24:in `author_names'
  [1m[36mPublisher Load (0.2ms)[0m  [1m[34mSELECT "publishers".* FROM "publishers" WHERE "publishers"."id" = $1 LIMIT $2[0m  [["id", 4], ["LIMIT", 1]]
  ↳ app/models/book.rb:31:in `publisher_name'
complete out={:authors=>"Rainer Steel Rilke", :edition=>nil, :image_url=>"https://s3.amazonaws.com/comicgeeks/comics/covers/large-6274588.jpg?1559820703", :isbn=>"978-1-60309-398-9", :price=>3000.0, :publication_year=>2022, :publisher=>"McSweeney's", :title=>"The Underwater Welder"}
Completed 200 OK in 46ms (Views: 0.2ms | ActiveRecord: 12.3ms | Allocations: 30878)


Started GET "/books/1-891-83085-6" for ::1 at 2023-05-01 15:45:26 +0800
Processing by BooksController#show as */*
  Parameters: {"id"=>"1-891-83085-6"}
  [1m[36mBook Load (0.3ms)[0m  [1m[34mSELECT "books".* FROM "books" WHERE "books"."isbn" = $1 LIMIT $2[0m  [["isbn", "9781891830853"], ["LIMIT", 1]]
  ↳ app/services/books_services/get_book.rb:14:in `book'
  [1m[36mAuthor Pluck (0.4ms)[0m  [1m[34mSELECT "authors"."first_name", "authors"."middle_name", "authors"."last_name" FROM "authors" INNER JOIN "book_authors" ON "authors"."id" = "book_authors"."author_id" WHERE "book_authors"."book_id" = $1[0m  [["book_id", 9781891830853]]
  ↳ app/models/book.rb:24:in `author_names'
  [1m[36mPublisher Load (0.1ms)[0m  [1m[34mSELECT "publishers".* FROM "publishers" WHERE "publishers"."id" = $1 LIMIT $2[0m  [["id", 1], ["LIMIT", 1]]
  ↳ app/models/book.rb:31:in `publisher_name'
complete out={:authors=>"Joel Hartse, Hannah P. Templer, Marguerite Z. Duras", :edition=>"Book 2", :image_url=>"https://www.topshelfcomix.com/catalog/covers/americanelfvol2_lg.jpg", :isbn=>"978-1-891830-85-3", :price=>1000.0, :publication_year=>2004, :publisher=>"Paste Magazine", :title=>"American Elf"}
Completed 200 OK in 4ms (Views: 0.1ms | ActiveRecord: 0.8ms | Allocations: 2466)


Started GET "/books/1-891-83085-" for ::1 at 2023-05-01 15:46:02 +0800
Processing by BooksController#show as */*
  Parameters: {"id"=>"1-891-83085-"}
fail err=Booker::BadRequest msg=Invalid ISBN format
Completed 400 Bad Request in 1ms (Views: 0.2ms | ActiveRecord: 0.0ms | Allocations: 243)


Started GET "/books/978-3-16-148410-0" for ::1 at 2023-05-01 15:46:11 +0800
Processing by BooksController#show as */*
  Parameters: {"id"=>"978-3-16-148410-0"}
  [1m[36mBook Load (0.3ms)[0m  [1m[34mSELECT "books".* FROM "books" WHERE "books"."isbn" = $1 LIMIT $2[0m  [["isbn", "9783161484100"], ["LIMIT", 1]]
  ↳ app/services/books_services/get_book.rb:14:in `book'
fail err=Booker::NotFound msg=Book with ISBN: 978-3-16-148410-0 not found.
Completed 404 Not Found in 2ms (Views: 0.2ms | ActiveRecord: 0.3ms | Allocations: 807)


Started GET "/api/books/isbn_conversion/12312312" for 127.0.0.1 at 2023-05-02 19:33:31 +0800
  [1m[36mActiveRecord::SchemaMigration Pluck (1.6ms)[0m  [1m[34mSELECT "schema_migrations"."version" FROM "schema_migrations" ORDER BY "schema_migrations"."version" ASC[0m
  
ActionController::RoutingError (No route matches [GET] "/api/books/isbn_conversion/12312312"):
  
Started GET "/books/isbn_conversion/12312321" for 127.0.0.1 at 2023-05-02 19:33:49 +0800
Processing by BooksController#isbn_conversion as HTML
  Parameters: {"id"=>"12312321"}
fail err=Booker::BadRequest msg=Invalid ISBN format
Completed 400 Bad Request in 2ms (Views: 0.1ms | ActiveRecord: 0.0ms | Allocations: 1041)


Started GET "/books/isbn_conversion/12312321" for 127.0.0.1 at 2023-05-02 19:35:29 +0800
Started GET "/books/isbn_conversion/12312321" for 127.0.0.1 at 2023-05-02 19:35:29 +0800
Processing by BooksController#isbn_conversion as HTML
  Parameters: {"id"=>"12312321"}
Processing by BooksController#isbn_conversion as HTML
fail err=Booker::BadRequest msg=Invalid ISBN format
Completed 400 Bad Request in 1ms (Views: 0.3ms | ActiveRecord: 0.0ms | Allocations: 211)


  Parameters: {"id"=>"12312321"}
fail err=Booker::BadRequest msg=Invalid ISBN format
Completed 400 Bad Request in 0ms (Views: 0.1ms | ActiveRecord: 0.0ms | Allocations: 207)


Started GET "/books/isbn_conversion/12312321" for 127.0.0.1 at 2023-05-02 19:36:10 +0800
Processing by BooksController#isbn_conversion as HTML
  Parameters: {"id"=>"12312321"}
fail err=Booker::BadRequest msg=Invalid ISBN format
Completed 400 Bad Request in 1ms (Views: 0.1ms | ActiveRecord: 0.0ms | Allocations: 193)


Started GET "/books/isbn_conversion/123123213" for 127.0.0.1 at 2023-05-02 19:36:28 +0800
Processing by BooksController#isbn_conversion as HTML
  Parameters: {"id"=>"123123213"}
fail err=Booker::BadRequest msg=Invalid ISBN format
Completed 400 Bad Request in 0ms (Views: 0.1ms | ActiveRecord: 0.0ms | Allocations: 194)


Started GET "/books/isbn_conversion/12312312" for 127.0.0.1 at 2023-05-02 19:37:11 +0800
Processing by BooksController#isbn_conversion as HTML
  Parameters: {"id"=>"12312312"}
fail err=Booker::BadRequest msg=Invalid ISBN format
Completed 400 Bad Request in 7ms (Views: 1.6ms | ActiveRecord: 0.0ms | Allocations: 193)


Started GET "/books/undefined" for 127.0.0.1 at 2023-05-02 19:37:11 +0800
Processing by BooksController#show as HTML
  Parameters: {"id"=>"undefined"}
fail err=Booker::BadRequest msg=Invalid ISBN format
Completed 400 Bad Request in 8ms (Views: 0.1ms | ActiveRecord: 0.0ms | Allocations: 1380)


Started GET "/books/isbn_conversion/1231321" for 127.0.0.1 at 2023-05-02 19:37:48 +0800
Processing by BooksController#isbn_conversion as HTML
  Parameters: {"id"=>"1231321"}
fail err=Booker::BadRequest msg=Invalid ISBN format
Completed 400 Bad Request in 1ms (Views: 0.1ms | ActiveRecord: 0.0ms | Allocations: 192)


Started GET "/books/isbn_conversion/123123123" for 127.0.0.1 at 2023-05-02 19:38:01 +0800
Processing by BooksController#isbn_conversion as HTML
  Parameters: {"id"=>"123123123"}
fail err=Booker::BadRequest msg=Invalid ISBN format
Completed 400 Bad Request in 2ms (Views: 0.2ms | ActiveRecord: 0.0ms | Allocations: 196)


Started GET "/books/isbn_conversion/123123213" for 127.0.0.1 at 2023-05-02 19:39:31 +0800
Started GET "/books/isbn_conversion/123123213" for 127.0.0.1 at 2023-05-02 19:39:31 +0800
Processing by BooksController#isbn_conversion as HTML
Processing by BooksController#isbn_conversion as HTML
  Parameters: {"id"=>"123123213"}
  Parameters: {"id"=>"123123213"}
fail err=Booker::BadRequest msg=Invalid ISBN format
fail err=Booker::BadRequest msg=Invalid ISBN format
Completed 400 Bad Request in 1ms (Views: 0.3ms | ActiveRecord: 0.0ms | Allocations: 258)


Completed 400 Bad Request in 1ms (Views: 0.0ms | ActiveRecord: 0.0ms | Allocations: 359)


Started GET "/books/isbn_conversion/12312321" for 127.0.0.1 at 2023-05-02 19:39:50 +0800
Processing by BooksController#isbn_conversion as HTML
  Parameters: {"id"=>"12312321"}
fail err=Booker::BadRequest msg=Invalid ISBN format
Completed 400 Bad Request in 1ms (Views: 0.1ms | Allocations: 193)


Started GET "/books/isbn_conversion/12312321" for 127.0.0.1 at 2023-05-02 19:41:00 +0800
Processing by BooksController#isbn_conversion as HTML
  Parameters: {"id"=>"12312321"}
fail err=Booker::BadRequest msg=Invalid ISBN format
Completed 400 Bad Request in 1ms (Views: 0.3ms | Allocations: 193)


Started GET "/books/isbn_conversion/12312321" for 127.0.0.1 at 2023-05-02 19:41:05 +0800
Processing by BooksController#isbn_conversion as HTML
  Parameters: {"id"=>"12312321"}
fail err=Booker::BadRequest msg=Invalid ISBN format
Completed 400 Bad Request in 1ms (Views: 0.1ms | Allocations: 193)


Started GET "/books/isbn_conversion/12312321" for 127.0.0.1 at 2023-05-02 19:41:11 +0800
Processing by BooksController#isbn_conversion as HTML
  Parameters: {"id"=>"12312321"}
fail err=Booker::BadRequest msg=Invalid ISBN format
Completed 400 Bad Request in 0ms (Views: 0.1ms | Allocations: 193)


Started GET "/books/isbn_conversion/12312321" for 127.0.0.1 at 2023-05-02 19:43:13 +0800
Processing by BooksController#isbn_conversion as HTML
  Parameters: {"id"=>"12312321"}
fail err=Booker::BadRequest msg=Invalid ISBN format
Completed 400 Bad Request in 7ms (Views: 5.2ms | Allocations: 193)


Started GET "/books/isbn_conversion/12312321" for 127.0.0.1 at 2023-05-02 19:43:15 +0800
Processing by BooksController#isbn_conversion as HTML
  Parameters: {"id"=>"12312321"}
fail err=Booker::BadRequest msg=Invalid ISBN format
Completed 400 Bad Request in 0ms (Views: 0.1ms | Allocations: 193)


Started GET "/books/isbn_conversion/12312321" for 127.0.0.1 at 2023-05-02 19:43:36 +0800
Processing by BooksController#isbn_conversion as HTML
  Parameters: {"id"=>"12312321"}
fail err=Booker::BadRequest msg=Invalid ISBN format
Completed 400 Bad Request in 0ms (Views: 0.1ms | Allocations: 193)


Started GET "/books/undefined" for 127.0.0.1 at 2023-05-02 19:43:36 +0800
Processing by BooksController#show as HTML
  Parameters: {"id"=>"undefined"}
fail err=Booker::BadRequest msg=Invalid ISBN format
Completed 400 Bad Request in 4ms (Views: 1.0ms | Allocations: 194)


Started GET "/books/isbn_conversion/12312321" for 127.0.0.1 at 2023-05-02 19:43:58 +0800
Processing by BooksController#isbn_conversion as HTML
  Parameters: {"id"=>"12312321"}
fail err=Booker::BadRequest msg=Invalid ISBN format
Completed 400 Bad Request in 0ms (Views: 0.1ms | Allocations: 193)


Started GET "/books/undefined" for 127.0.0.1 at 2023-05-02 19:43:58 +0800
Processing by BooksController#show as HTML
  Parameters: {"id"=>"undefined"}
fail err=Booker::BadRequest msg=Invalid ISBN format
Completed 400 Bad Request in 20ms (Views: 0.1ms | Allocations: 195)


Started GET "/books/isbn_conversion/12312321" for 127.0.0.1 at 2023-05-02 19:44:00 +0800
Processing by BooksController#isbn_conversion as HTML
  Parameters: {"id"=>"12312321"}
fail err=Booker::BadRequest msg=Invalid ISBN format
Completed 400 Bad Request in 1ms (Views: 0.1ms | Allocations: 193)


Started GET "/books/undefined" for 127.0.0.1 at 2023-05-02 19:44:00 +0800
Processing by BooksController#show as HTML
  Parameters: {"id"=>"undefined"}
fail err=Booker::BadRequest msg=Invalid ISBN format
Completed 400 Bad Request in 0ms (Views: 0.1ms | Allocations: 194)


Started GET "/books/isbn_conversion/12312321" for 127.0.0.1 at 2023-05-02 19:45:24 +0800
Processing by BooksController#isbn_conversion as HTML
  Parameters: {"id"=>"12312321"}
fail err=Booker::BadRequest msg=Invalid ISBN format
Completed 400 Bad Request in 0ms (Views: 0.1ms | Allocations: 193)


Started GET "/books/undefined" for 127.0.0.1 at 2023-05-02 19:45:24 +0800
Processing by BooksController#show as HTML
  Parameters: {"id"=>"undefined"}
fail err=Booker::BadRequest msg=Invalid ISBN format
Completed 400 Bad Request in 1ms (Views: 0.1ms | Allocations: 194)


Started GET "/books/isbn_conversion/12312321" for 127.0.0.1 at 2023-05-02 19:45:49 +0800
Processing by BooksController#isbn_conversion as HTML
  Parameters: {"id"=>"12312321"}
fail err=Booker::BadRequest msg=Invalid ISBN format
Completed 400 Bad Request in 1ms (Views: 0.3ms | Allocations: 193)


Started GET "/books/isbn_conversion/12312321" for 127.0.0.1 at 2023-05-02 19:46:06 +0800
Processing by BooksController#isbn_conversion as HTML
  Parameters: {"id"=>"12312321"}
fail err=Booker::BadRequest msg=Invalid ISBN format
Completed 400 Bad Request in 0ms (Views: 0.1ms | Allocations: 193)


Started GET "/books/isbn_conversion/12312321" for 127.0.0.1 at 2023-05-02 19:46:24 +0800
Processing by BooksController#isbn_conversion as HTML
  Parameters: {"id"=>"12312321"}
fail err=Booker::BadRequest msg=Invalid ISBN format
Completed 400 Bad Request in 0ms (Views: 0.1ms | Allocations: 193)


Started GET "/books/isbn_conversion/12312321" for 127.0.0.1 at 2023-05-02 19:46:25 +0800
Processing by BooksController#isbn_conversion as HTML
  Parameters: {"id"=>"12312321"}
fail err=Booker::BadRequest msg=Invalid ISBN format
Completed 400 Bad Request in 0ms (Views: 0.1ms | Allocations: 194)


Started GET "/books/isbn_conversion/12312321" for 127.0.0.1 at 2023-05-02 19:46:26 +0800
Processing by BooksController#isbn_conversion as HTML
  Parameters: {"id"=>"12312321"}
fail err=Booker::BadRequest msg=Invalid ISBN format
Completed 400 Bad Request in 0ms (Views: 0.1ms | Allocations: 193)


Started GET "/books/isbn_conversion/12312321" for 127.0.0.1 at 2023-05-02 19:46:27 +0800
Processing by BooksController#isbn_conversion as HTML
  Parameters: {"id"=>"12312321"}
fail err=Booker::BadRequest msg=Invalid ISBN format
Completed 400 Bad Request in 0ms (Views: 0.1ms | Allocations: 193)


Started GET "/books/isbn_conversion/12312321" for 127.0.0.1 at 2023-05-02 19:46:28 +0800
Processing by BooksController#isbn_conversion as HTML
  Parameters: {"id"=>"12312321"}
fail err=Booker::BadRequest msg=Invalid ISBN format
Completed 400 Bad Request in 0ms (Views: 0.1ms | Allocations: 193)


Started GET "/books/isbn_conversion/12312321" for 127.0.0.1 at 2023-05-02 19:46:29 +0800
Processing by BooksController#isbn_conversion as HTML
  Parameters: {"id"=>"12312321"}
fail err=Booker::BadRequest msg=Invalid ISBN format
Completed 400 Bad Request in 0ms (Views: 0.1ms | Allocations: 193)


Started GET "/books/isbn_conversion/12312321" for 127.0.0.1 at 2023-05-02 19:46:31 +0800
Processing by BooksController#isbn_conversion as HTML
  Parameters: {"id"=>"12312321"}
fail err=Booker::BadRequest msg=Invalid ISBN format
Completed 400 Bad Request in 0ms (Views: 0.1ms | Allocations: 193)


Started GET "/books/isbn_conversion/12312312" for 127.0.0.1 at 2023-05-02 19:46:40 +0800
Started GET "/books/isbn_conversion/12312312" for 127.0.0.1 at 2023-05-02 19:46:40 +0800
Processing by BooksController#isbn_conversion as HTML
  Parameters: {"id"=>"12312312"}
fail err=Booker::BadRequest msg=Invalid ISBN format
Completed 400 Bad Request in 2ms (Views: 0.1ms | Allocations: 207)


Processing by BooksController#isbn_conversion as HTML
  Parameters: {"id"=>"12312312"}
fail err=Booker::BadRequest msg=Invalid ISBN format
Completed 400 Bad Request in 0ms (Views: 0.1ms | Allocations: 193)


Started GET "/books/isbn_conversion/12312312" for 127.0.0.1 at 2023-05-02 19:47:11 +0800
Processing by BooksController#isbn_conversion as HTML
  Parameters: {"id"=>"12312312"}
fail err=Booker::BadRequest msg=Invalid ISBN format
Completed 400 Bad Request in 1ms (Views: 0.3ms | Allocations: 193)


Started GET "/books/isbn_conversion/12312312" for 127.0.0.1 at 2023-05-02 19:47:25 +0800
Processing by BooksController#isbn_conversion as HTML
  Parameters: {"id"=>"12312312"}
fail err=Booker::BadRequest msg=Invalid ISBN format
Completed 400 Bad Request in 0ms (Views: 0.1ms | Allocations: 193)


Started GET "/books/isbn_conversion/12312312" for 127.0.0.1 at 2023-05-02 19:47:26 +0800
Processing by BooksController#isbn_conversion as HTML
  Parameters: {"id"=>"12312312"}
fail err=Booker::BadRequest msg=Invalid ISBN format
Completed 400 Bad Request in 0ms (Views: 0.1ms | Allocations: 193)


Started GET "/books/isbn_conversion/12312312" for 127.0.0.1 at 2023-05-02 19:47:32 +0800
Processing by BooksController#isbn_conversion as HTML
  Parameters: {"id"=>"12312312"}
fail err=Booker::BadRequest msg=Invalid ISBN format
Completed 400 Bad Request in 0ms (Views: 0.1ms | Allocations: 193)


Started GET "/books/isbn_conversion/12312312" for 127.0.0.1 at 2023-05-02 19:56:11 +0800
Processing by BooksController#isbn_conversion as HTML
  Parameters: {"id"=>"12312312"}
fail err=Booker::BadRequest msg=Invalid ISBN format
Completed 400 Bad Request in 1ms (Views: 0.3ms | Allocations: 193)


Started GET "/books/isbn_conversion/12312312" for 127.0.0.1 at 2023-05-02 19:56:13 +0800
Processing by BooksController#isbn_conversion as HTML
  Parameters: {"id"=>"12312312"}
fail err=Booker::BadRequest msg=Invalid ISBN format
Completed 400 Bad Request in 0ms (Views: 0.1ms | Allocations: 194)


Started GET "/books/isbn_conversion/12312312" for 127.0.0.1 at 2023-05-02 19:56:30 +0800
Processing by BooksController#isbn_conversion as HTML
  Parameters: {"id"=>"12312312"}
fail err=Booker::BadRequest msg=Invalid ISBN format
Completed 400 Bad Request in 0ms (Views: 0.1ms | Allocations: 193)


Started GET "/books/isbn_conversion/12312312" for 127.0.0.1 at 2023-05-02 19:58:32 +0800
Processing by BooksController#isbn_conversion as HTML
  Parameters: {"id"=>"12312312"}
fail err=Booker::BadRequest msg=Invalid ISBN format
Completed 400 Bad Request in 1ms (Views: 0.3ms | Allocations: 193)


Started GET "/books/isbn_conversion/12312312" for 127.0.0.1 at 2023-05-02 19:58:34 +0800
Processing by BooksController#isbn_conversion as HTML
  Parameters: {"id"=>"12312312"}
fail err=Booker::BadRequest msg=Invalid ISBN format
Completed 400 Bad Request in 0ms (Views: 0.1ms | Allocations: 193)


Started GET "/books/isbn_conversion/12312312" for 127.0.0.1 at 2023-05-02 19:58:40 +0800
Processing by BooksController#isbn_conversion as HTML
  Parameters: {"id"=>"12312312"}
fail err=Booker::BadRequest msg=Invalid ISBN format
Completed 400 Bad Request in 0ms (Views: 0.1ms | Allocations: 193)


Started GET "/books/isbn_conversion/12312312" for 127.0.0.1 at 2023-05-02 19:58:59 +0800
Processing by BooksController#isbn_conversion as HTML
  Parameters: {"id"=>"12312312"}
fail err=Booker::BadRequest msg=Invalid ISBN format
Completed 400 Bad Request in 1ms (Views: 0.1ms | Allocations: 193)


Started GET "/books/isbn_conversion/12312312" for 127.0.0.1 at 2023-05-02 20:00:01 +0800
Processing by BooksController#isbn_conversion as HTML
  Parameters: {"id"=>"12312312"}
fail err=Booker::BadRequest msg=Invalid ISBN format
Completed 400 Bad Request in 0ms (Views: 0.1ms | Allocations: 193)


Started GET "/books/isbn_conversion/12312312" for 127.0.0.1 at 2023-05-02 20:00:10 +0800
Processing by BooksController#isbn_conversion as HTML
  Parameters: {"id"=>"12312312"}
fail err=Booker::BadRequest msg=Invalid ISBN format
Completed 400 Bad Request in 1ms (Views: 0.2ms | Allocations: 193)


Started GET "/books/isbn_conversion/dasdasd" for 127.0.0.1 at 2023-05-02 20:04:58 +0800
Processing by BooksController#isbn_conversion as HTML
  Parameters: {"id"=>"dasdasd"}
fail err=Booker::BadRequest msg=Invalid ISBN format
Completed 400 Bad Request in 1ms (Views: 0.3ms | Allocations: 192)


Started GET "/books/isbn_conversion/dasdasd" for 127.0.0.1 at 2023-05-02 20:06:57 +0800
Started GET "/books/isbn_conversion/dasdasd" for 127.0.0.1 at 2023-05-02 20:06:57 +0800
Processing by BooksController#isbn_conversion as HTML
  Parameters: {"id"=>"dasdasd"}
Processing by BooksController#isbn_conversion as HTML
fail err=Booker::BadRequest msg=Invalid ISBN format
Completed 400 Bad Request in 1ms (Views: 0.1ms | Allocations: 210)


  Parameters: {"id"=>"dasdasd"}
fail err=Booker::BadRequest msg=Invalid ISBN format
Completed 400 Bad Request in 0ms (Views: 0.0ms | Allocations: 193)


Started GET "/books/isbn_conversion/1231312" for 127.0.0.1 at 2023-05-02 20:09:50 +0800
Processing by BooksController#isbn_conversion as HTML
  Parameters: {"id"=>"1231312"}
fail err=Booker::BadRequest msg=Invalid ISBN format
Completed 400 Bad Request in 2ms (Views: 0.4ms | Allocations: 192)


Started GET "/books/isbn_conversion/1231312" for 127.0.0.1 at 2023-05-02 20:10:07 +0800
Processing by BooksController#isbn_conversion as HTML
  Parameters: {"id"=>"1231312"}
fail err=Booker::BadRequest msg=Invalid ISBN format
Completed 400 Bad Request in 1ms (Views: 0.2ms | Allocations: 192)


Started GET "/books/isbn_conversion/1231312" for 127.0.0.1 at 2023-05-02 20:10:16 +0800
Processing by BooksController#isbn_conversion as HTML
  Parameters: {"id"=>"1231312"}
fail err=Booker::BadRequest msg=Invalid ISBN format
Completed 400 Bad Request in 0ms (Views: 0.1ms | Allocations: 192)


Started GET "/books/isbn_conversion/1231312" for 127.0.0.1 at 2023-05-02 20:10:17 +0800
Processing by BooksController#isbn_conversion as HTML
  Parameters: {"id"=>"1231312"}
fail err=Booker::BadRequest msg=Invalid ISBN format
Completed 400 Bad Request in 1ms (Views: 0.1ms | Allocations: 192)


Started GET "/books/isbn_conversion/1231312" for 127.0.0.1 at 2023-05-02 20:11:21 +0800
Processing by BooksController#isbn_conversion as HTML
  Parameters: {"id"=>"1231312"}
fail err=Booker::BadRequest msg=Invalid ISBN format
Completed 400 Bad Request in 1ms (Views: 0.3ms | Allocations: 192)


Started GET "/books/isbn_conversion/1231312" for 127.0.0.1 at 2023-05-02 20:11:22 +0800
Processing by BooksController#isbn_conversion as HTML
  Parameters: {"id"=>"1231312"}
fail err=Booker::BadRequest msg=Invalid ISBN format
Completed 400 Bad Request in 1ms (Views: 0.2ms | Allocations: 193)


Started GET "/books/isbn_conversion/1231312" for 127.0.0.1 at 2023-05-02 20:11:24 +0800
Processing by BooksController#isbn_conversion as HTML
  Parameters: {"id"=>"1231312"}
fail err=Booker::BadRequest msg=Invalid ISBN format
Completed 400 Bad Request in 0ms (Views: 0.1ms | Allocations: 192)


Started GET "/books/isbn_conversion/1231312" for 127.0.0.1 at 2023-05-02 20:11:47 +0800
Processing by BooksController#isbn_conversion as HTML
  Parameters: {"id"=>"1231312"}
fail err=Booker::BadRequest msg=Invalid ISBN format
Completed 400 Bad Request in 3ms (Views: 0.2ms | Allocations: 192)


Started GET "/books/isbn_conversion/1231312" for 127.0.0.1 at 2023-05-02 20:11:59 +0800
Processing by BooksController#isbn_conversion as HTML
  Parameters: {"id"=>"1231312"}
fail err=Booker::BadRequest msg=Invalid ISBN format
Completed 400 Bad Request in 0ms (Views: 0.1ms | Allocations: 192)


Started GET "/books/isbn_conversion/1231312" for 127.0.0.1 at 2023-05-02 20:12:02 +0800
Processing by BooksController#isbn_conversion as HTML
  Parameters: {"id"=>"1231312"}
fail err=Booker::BadRequest msg=Invalid ISBN format
Completed 400 Bad Request in 0ms (Views: 0.1ms | Allocations: 192)


Started GET "/books/isbn_conversion/1231312" for 127.0.0.1 at 2023-05-02 20:12:05 +0800
Processing by BooksController#isbn_conversion as HTML
  Parameters: {"id"=>"1231312"}
fail err=Booker::BadRequest msg=Invalid ISBN format
Completed 400 Bad Request in 0ms (Views: 0.1ms | Allocations: 192)


Started GET "/books/isbn_conversion/1231312" for 127.0.0.1 at 2023-05-02 20:12:14 +0800
Processing by BooksController#isbn_conversion as HTML
  Parameters: {"id"=>"1231312"}
fail err=Booker::BadRequest msg=Invalid ISBN format
Completed 400 Bad Request in 1ms (Views: 0.2ms | Allocations: 192)


Started GET "/books/isbn_conversion/1231312" for 127.0.0.1 at 2023-05-02 20:12:15 +0800
Processing by BooksController#isbn_conversion as HTML
  Parameters: {"id"=>"1231312"}
fail err=Booker::BadRequest msg=Invalid ISBN format
Completed 400 Bad Request in 1ms (Views: 0.4ms | Allocations: 192)


Started GET "/books/isbn_conversion/1231312" for 127.0.0.1 at 2023-05-02 20:12:16 +0800
Processing by BooksController#isbn_conversion as HTML
  Parameters: {"id"=>"1231312"}
fail err=Booker::BadRequest msg=Invalid ISBN format
Completed 400 Bad Request in 1ms (Views: 0.1ms | Allocations: 193)


Started GET "/books/isbn_conversion/1231312" for 127.0.0.1 at 2023-05-02 20:15:17 +0800
Processing by BooksController#isbn_conversion as HTML
  Parameters: {"id"=>"1231312"}
fail err=Booker::BadRequest msg=Invalid ISBN format
Completed 400 Bad Request in 1ms (Views: 0.4ms | Allocations: 192)


Started GET "/books/isbn_conversion/1231312" for 127.0.0.1 at 2023-05-02 20:15:19 +0800
Processing by BooksController#isbn_conversion as HTML
  Parameters: {"id"=>"1231312"}
fail err=Booker::BadRequest msg=Invalid ISBN format
Completed 400 Bad Request in 0ms (Views: 0.1ms | Allocations: 192)


Started GET "/books/isbn_conversion/1231312" for 127.0.0.1 at 2023-05-02 20:16:29 +0800
Processing by BooksController#isbn_conversion as HTML
  Parameters: {"id"=>"1231312"}
fail err=Booker::BadRequest msg=Invalid ISBN format
Completed 400 Bad Request in 3ms (Views: 0.6ms | Allocations: 192)


Started GET "/books/isbn_conversion/1231312" for 127.0.0.1 at 2023-05-02 20:16:31 +0800
Processing by BooksController#isbn_conversion as HTML
  Parameters: {"id"=>"1231312"}
fail err=Booker::BadRequest msg=Invalid ISBN format
Completed 400 Bad Request in 0ms (Views: 0.1ms | Allocations: 192)


Started GET "/books/isbn_conversion/1231312" for 127.0.0.1 at 2023-05-02 20:16:54 +0800
Processing by BooksController#isbn_conversion as HTML
  Parameters: {"id"=>"1231312"}
fail err=Booker::BadRequest msg=Invalid ISBN format
Completed 400 Bad Request in 0ms (Views: 0.1ms | Allocations: 192)


Started GET "/books/isbn_conversion/1231312" for 127.0.0.1 at 2023-05-02 20:16:57 +0800
Processing by BooksController#isbn_conversion as HTML
  Parameters: {"id"=>"1231312"}
fail err=Booker::BadRequest msg=Invalid ISBN format
Completed 400 Bad Request in 0ms (Views: 0.1ms | Allocations: 192)


Started GET "/books/isbn_conversion/1231312" for 127.0.0.1 at 2023-05-02 20:18:09 +0800
Processing by BooksController#isbn_conversion as HTML
  Parameters: {"id"=>"1231312"}
fail err=Booker::BadRequest msg=Invalid ISBN format
Completed 400 Bad Request in 1ms (Views: 0.3ms | Allocations: 192)


Started GET "/books/isbn_conversion/1231312" for 127.0.0.1 at 2023-05-02 20:18:10 +0800
Processing by BooksController#isbn_conversion as HTML
  Parameters: {"id"=>"1231312"}
fail err=Booker::BadRequest msg=Invalid ISBN format
Completed 400 Bad Request in 0ms (Views: 0.1ms | Allocations: 192)


Started GET "/books/isbn_conversion/1231312" for 127.0.0.1 at 2023-05-02 20:18:10 +0800
Processing by BooksController#isbn_conversion as HTML
  Parameters: {"id"=>"1231312"}
fail err=Booker::BadRequest msg=Invalid ISBN format
Completed 400 Bad Request in 0ms (Views: 0.1ms | Allocations: 192)


Started GET "/books/isbn_conversion/12312321" for 127.0.0.1 at 2023-05-02 20:18:16 +0800
Started GET "/books/isbn_conversion/12312321" for 127.0.0.1 at 2023-05-02 20:18:16 +0800
Processing by BooksController#isbn_conversion as HTML
  Parameters: {"id"=>"12312321"}
fail err=Booker::BadRequest msg=Invalid ISBN format
Completed 400 Bad Request in 1ms (Views: 0.2ms | Allocations: 193)


Processing by BooksController#isbn_conversion as HTML
  Parameters: {"id"=>"12312321"}
fail err=Booker::BadRequest msg=Invalid ISBN format
Completed 400 Bad Request in 1ms (Views: 0.1ms | Allocations: 193)


Started GET "/books/isbn_conversion/" for 127.0.0.1 at 2023-05-02 20:47:09 +0800
Started GET "/books/isbn_conversion/" for 127.0.0.1 at 2023-05-02 20:47:09 +0800
Processing by BooksController#show as HTML
  Parameters: {"id"=>"isbn_conversion"}
fail err=Booker::BadRequest msg=Invalid ISBN format
Completed 400 Bad Request in 5ms (Views: 0.6ms | Allocations: 285)


Processing by BooksController#show as HTML
  Parameters: {"id"=>"isbn_conversion"}
fail err=Booker::BadRequest msg=Invalid ISBN format
Completed 400 Bad Request in 0ms (Views: 0.1ms | Allocations: 200)


Started GET "/books/isbn_conversion/" for 127.0.0.1 at 2023-05-02 20:47:14 +0800
Started GET "/books/isbn_conversion/" for 127.0.0.1 at 2023-05-02 20:47:14 +0800
Processing by BooksController#show as HTML
  Parameters: {"id"=>"isbn_conversion"}
fail err=Booker::BadRequest msg=Invalid ISBN format
Completed 400 Bad Request in 0ms (Views: 0.1ms | Allocations: 201)


Processing by BooksController#show as HTML
  Parameters: {"id"=>"isbn_conversion"}
fail err=Booker::BadRequest msg=Invalid ISBN format
Completed 400 Bad Request in 1ms (Views: 0.1ms | Allocations: 200)


Started GET "/books/isbn_conversion/" for 127.0.0.1 at 2023-05-02 20:47:23 +0800
Started GET "/books/isbn_conversion/" for 127.0.0.1 at 2023-05-02 20:47:23 +0800
Processing by BooksController#show as HTML
  Parameters: {"id"=>"isbn_conversion"}
fail err=Booker::BadRequest msg=Invalid ISBN format
Completed 400 Bad Request in 1ms (Views: 0.1ms | Allocations: 206)


Processing by BooksController#show as HTML
  Parameters: {"id"=>"isbn_conversion"}
fail err=Booker::BadRequest msg=Invalid ISBN format
Completed 400 Bad Request in 1ms (Views: 0.2ms | Allocations: 200)


Started GET "/books/isbn_conversion/" for 127.0.0.1 at 2023-05-02 20:47:36 +0800
Processing by BooksController#show as HTML
  Parameters: {"id"=>"isbn_conversion"}
fail err=Booker::BadRequest msg=Invalid ISBN format
Completed 400 Bad Request in 1ms (Views: 0.1ms | Allocations: 263)


Started GET "/books/isbn_conversion/" for 127.0.0.1 at 2023-05-02 20:47:36 +0800
Processing by BooksController#show as HTML
  Parameters: {"id"=>"isbn_conversion"}
fail err=Booker::BadRequest msg=Invalid ISBN format
Completed 400 Bad Request in 1ms (Views: 0.1ms | Allocations: 200)


Started GET "/books/isbn_conversion/12312321" for 127.0.0.1 at 2023-05-02 20:47:36 +0800
Processing by BooksController#isbn_conversion as HTML
  Parameters: {"id"=>"12312321"}
fail err=Booker::BadRequest msg=Invalid ISBN format
Completed 400 Bad Request in 0ms (Views: 0.1ms | Allocations: 193)


Started GET "/books/isbn_conversion/12312321" for 127.0.0.1 at 2023-05-02 20:47:52 +0800
Processing by BooksController#isbn_conversion as HTML
  Parameters: {"id"=>"12312321"}
fail err=Booker::BadRequest msg=Invalid ISBN format
Completed 400 Bad Request in 0ms (Views: 0.1ms | Allocations: 193)


Started GET "/books/isbn_conversion/12312321" for 127.0.0.1 at 2023-05-02 20:47:55 +0800
Processing by BooksController#isbn_conversion as HTML
  Parameters: {"id"=>"12312321"}
fail err=Booker::BadRequest msg=Invalid ISBN format
Completed 400 Bad Request in 0ms (Views: 0.1ms | Allocations: 193)


Started GET "/books/isbn_conversion/12312321" for 127.0.0.1 at 2023-05-02 20:50:39 +0800
Processing by BooksController#isbn_conversion as HTML
  Parameters: {"id"=>"12312321"}
fail err=Booker::BadRequest msg=Invalid ISBN format
Completed 400 Bad Request in 1ms (Views: 0.4ms | Allocations: 193)


Started GET "/books/isbn_conversion/12312321" for 127.0.0.1 at 2023-05-02 20:50:58 +0800
Processing by BooksController#isbn_conversion as HTML
  Parameters: {"id"=>"12312321"}
fail err=Booker::BadRequest msg=Invalid ISBN format
Completed 400 Bad Request in 0ms (Views: 0.1ms | Allocations: 193)


Started GET "/books/isbn_conversion/12312321" for 127.0.0.1 at 2023-05-02 20:51:05 +0800
Processing by BooksController#isbn_conversion as HTML
  Parameters: {"id"=>"12312321"}
fail err=Booker::BadRequest msg=Invalid ISBN format
Completed 400 Bad Request in 3ms (Views: 0.1ms | Allocations: 193)


Started GET "/books/isbn_conversion/12312321" for 127.0.0.1 at 2023-05-02 20:51:15 +0800
Processing by BooksController#isbn_conversion as HTML
  Parameters: {"id"=>"12312321"}
fail err=Booker::BadRequest msg=Invalid ISBN format
Completed 400 Bad Request in 1ms (Views: 0.2ms | Allocations: 193)


Started GET "/books/isbn_conversion/12312321" for 127.0.0.1 at 2023-05-02 23:35:19 +0800
Started GET "/books/isbn_conversion/12312321" for 127.0.0.1 at 2023-05-02 23:35:19 +0800
Processing by BooksController#isbn_conversion as HTML
  Parameters: {"id"=>"12312321"}
Processing by BooksController#isbn_conversion as HTML
  Parameters: {"id"=>"12312321"}
fail err=Booker::BadRequest msg=Invalid ISBN format
Completed 400 Bad Request in 1ms (Views: 0.5ms | Allocations: 271)


fail err=Booker::BadRequest msg=Invalid ISBN format
Completed 400 Bad Request in 3ms (Views: 0.1ms | Allocations: 509)


Started GET "/books/isbn_conversion/123132131" for 127.0.0.1 at 2023-05-02 23:35:24 +0800
Processing by BooksController#isbn_conversion as HTML
  Parameters: {"id"=>"123132131"}
fail err=Booker::BadRequest msg=Invalid ISBN format
Completed 400 Bad Request in 1ms (Views: 0.1ms | Allocations: 194)


Started GET "/books/isbn_conversion/123132131" for 127.0.0.1 at 2023-05-02 23:35:31 +0800
Started GET "/books/isbn_conversion/123132131" for 127.0.0.1 at 2023-05-02 23:35:31 +0800
Processing by BooksController#isbn_conversion as HTML
  Parameters: {"id"=>"123132131"}
fail err=Booker::BadRequest msg=Invalid ISBN format
Completed 400 Bad Request in 1ms (Views: 0.1ms | Allocations: 230)


Processing by BooksController#isbn_conversion as HTML
  Parameters: {"id"=>"123132131"}
fail err=Booker::BadRequest msg=Invalid ISBN format
Completed 400 Bad Request in 0ms (Views: 0.1ms | Allocations: 194)


Started GET "/books/isbn_conversion/12313213" for 127.0.0.1 at 2023-05-02 23:35:34 +0800
Started GET "/books/isbn_conversion/12313213" for 127.0.0.1 at 2023-05-02 23:35:34 +0800
Processing by BooksController#isbn_conversion as HTML
  Parameters: {"id"=>"12313213"}
fail err=Booker::BadRequest msg=Invalid ISBN format
Processing by BooksController#isbn_conversion as HTML
Completed 400 Bad Request in 1ms (Views: 0.1ms | Allocations: 196)


  Parameters: {"id"=>"12313213"}
fail err=Booker::BadRequest msg=Invalid ISBN format
Completed 400 Bad Request in 0ms (Views: 0.1ms | Allocations: 213)


Started GET "/books/isbn_conversion/12313213" for 127.0.0.1 at 2023-05-02 23:35:53 +0800
Started GET "/books/isbn_conversion/12313213" for 127.0.0.1 at 2023-05-02 23:35:53 +0800
Processing by BooksController#isbn_conversion as HTML
  Parameters: {"id"=>"12313213"}
Processing by BooksController#isbn_conversion as HTML
fail err=Booker::BadRequest msg=Invalid ISBN format
  Parameters: {"id"=>"12313213"}
Completed 400 Bad Request in 0ms (Views: 0.1ms | Allocations: 211)


fail err=Booker::BadRequest msg=Invalid ISBN format
Completed 400 Bad Request in 0ms (Views: 0.0ms | Allocations: 342)


Started GET "/books/isbn_conversion/123123123" for 127.0.0.1 at 2023-05-02 23:36:08 +0800
Started GET "/books/isbn_conversion/123123123" for 127.0.0.1 at 2023-05-02 23:36:08 +0800
Processing by BooksController#isbn_conversion as HTML
  Parameters: {"id"=>"123123123"}
fail err=Booker::BadRequest msg=Invalid ISBN format
Completed 400 Bad Request in 5ms (Views: 2.9ms | Allocations: 202)


Processing by BooksController#isbn_conversion as HTML
  Parameters: {"id"=>"123123123"}
fail err=Booker::BadRequest msg=Invalid ISBN format
Completed 400 Bad Request in 0ms (Views: 0.1ms | Allocations: 194)


Started GET "/books/isbn_conversion/123123123" for 127.0.0.1 at 2023-05-02 23:37:23 +0800
Started GET "/books/isbn_conversion/123123123" for 127.0.0.1 at 2023-05-02 23:37:23 +0800
Processing by BooksController#isbn_conversion as HTML
  Parameters: {"id"=>"123123123"}
fail err=Booker::BadRequest msg=Invalid ISBN format
Completed 400 Bad Request in 1ms (Views: 0.3ms | Allocations: 195)


Processing by BooksController#isbn_conversion as HTML
  Parameters: {"id"=>"123123123"}
fail err=Booker::BadRequest msg=Invalid ISBN format
Completed 400 Bad Request in 0ms (Views: 0.1ms | Allocations: 194)


Started GET "/books/isbn_conversion/123123123" for 127.0.0.1 at 2023-05-02 23:37:25 +0800
Processing by BooksController#isbn_conversion as HTML
  Parameters: {"id"=>"123123123"}
fail err=Booker::BadRequest msg=Invalid ISBN format
Completed 400 Bad Request in 0ms (Views: 0.1ms | Allocations: 194)


Started GET "/books/isbn_conversion/123123213" for 127.0.0.1 at 2023-05-02 23:41:05 +0800
Started GET "/books/isbn_conversion/123123213" for 127.0.0.1 at 2023-05-02 23:41:05 +0800
Processing by BooksController#isbn_conversion as HTML
  Parameters: {"id"=>"123123213"}
fail err=Booker::BadRequest msg=Invalid ISBN format
Completed 400 Bad Request in 1ms (Views: 0.3ms | Allocations: 194)


Processing by BooksController#isbn_conversion as HTML
  Parameters: {"id"=>"123123213"}
fail err=Booker::BadRequest msg=Invalid ISBN format
Completed 400 Bad Request in 0ms (Views: 0.0ms | Allocations: 195)


Started GET "/books/isbn_conversion/12312321" for 127.0.0.1 at 2023-05-02 23:41:14 +0800
Started GET "/books/isbn_conversion/12312321" for 127.0.0.1 at 2023-05-02 23:41:14 +0800
Processing by BooksController#isbn_conversion as HTML
  Parameters: {"id"=>"12312321"}
fail err=Booker::BadRequest msg=Invalid ISBN format
Completed 400 Bad Request in 1ms (Views: 0.1ms | Allocations: 194)


Processing by BooksController#isbn_conversion as HTML
  Parameters: {"id"=>"12312321"}
fail err=Booker::BadRequest msg=Invalid ISBN format
Completed 400 Bad Request in 1ms (Views: 0.8ms | Allocations: 194)


Started GET "/books/isbn_conversion/123123213" for 127.0.0.1 at 2023-05-02 23:41:23 +0800
Started GET "/books/isbn_conversion/123123213" for 127.0.0.1 at 2023-05-02 23:41:23 +0800
Processing by BooksController#isbn_conversion as HTML
  Parameters: {"id"=>"123123213"}
fail err=Booker::BadRequest msg=Invalid ISBN format
Completed 400 Bad Request in 0ms (Views: 0.1ms | Allocations: 196)


Processing by BooksController#isbn_conversion as HTML
  Parameters: {"id"=>"123123213"}
fail err=Booker::BadRequest msg=Invalid ISBN format
Completed 400 Bad Request in 0ms (Views: 0.1ms | Allocations: 194)


Started GET "/books/isbn_conversion/123123213" for 127.0.0.1 at 2023-05-02 23:42:17 +0800
Started GET "/books/isbn_conversion/123123213" for 127.0.0.1 at 2023-05-02 23:42:17 +0800
Processing by BooksController#isbn_conversion as HTML
  Parameters: {"id"=>"123123213"}
fail err=Booker::BadRequest msg=Invalid ISBN format
Processing by BooksController#isbn_conversion as HTML
Completed 400 Bad Request in 2ms (Views: 0.3ms | Allocations: 389)


  Parameters: {"id"=>"123123213"}
fail err=Booker::BadRequest msg=Invalid ISBN format
Completed 400 Bad Request in 1ms (Views: 0.1ms | Allocations: 218)


Started GET "/books/isbn_conversion/123123213" for 127.0.0.1 at 2023-05-02 23:49:42 +0800
Processing by BooksController#isbn_conversion as HTML
  Parameters: {"id"=>"123123213"}
fail err=Booker::BadRequest msg=Invalid ISBN format
Completed 400 Bad Request in 1ms (Views: 0.3ms | Allocations: 194)


Started GET "/books/isbn_conversion/123123123" for 127.0.0.1 at 2023-05-02 23:49:48 +0800
Started GET "/books/isbn_conversion/123123123" for 127.0.0.1 at 2023-05-02 23:49:48 +0800
Processing by BooksController#isbn_conversion as HTML
  Parameters: {"id"=>"123123123"}
fail err=Booker::BadRequest msg=Invalid ISBN format
Completed 400 Bad Request in 2ms (Views: 1.1ms | Allocations: 232)


Processing by BooksController#isbn_conversion as HTML
  Parameters: {"id"=>"123123123"}
fail err=Booker::BadRequest msg=Invalid ISBN format
Completed 400 Bad Request in 1ms (Views: 0.3ms | Allocations: 194)


Started GET "/books/isbn_conversion/123123123" for 127.0.0.1 at 2023-05-02 23:50:38 +0800
Processing by BooksController#isbn_conversion as HTML
  Parameters: {"id"=>"123123123"}
fail err=Booker::BadRequest msg=Invalid ISBN format
Completed 400 Bad Request in 0ms (Views: 0.1ms | Allocations: 194)


Started GET "/books/isbn_conversion/123123123" for 127.0.0.1 at 2023-05-02 23:50:41 +0800
Processing by BooksController#isbn_conversion as HTML
  Parameters: {"id"=>"123123123"}
fail err=Booker::BadRequest msg=Invalid ISBN format
Completed 400 Bad Request in 0ms (Views: 0.1ms | Allocations: 194)


Started GET "/books/isbn_conversion/1-891-83085-6" for 127.0.0.1 at 2023-05-02 23:51:01 +0800
Processing by BooksController#isbn_conversion as HTML
  Parameters: {"id"=>"1-891-83085-6"}
complete out={:source=>"1-891-83085-6", :isbn10=>"1-891830-85-6", :isbn13=>"978-1-891830-85-3", :is_isbn10=>true, :is_isbn13=>false}
Completed 200 OK in 3ms (Views: 0.6ms | Allocations: 1027)


Started GET "/books/978-1-891830-85-3" for 127.0.0.1 at 2023-05-02 23:51:01 +0800
Processing by BooksController#show as HTML
  Parameters: {"id"=>"978-1-891830-85-3"}
  [1m[36mBook Load (2.3ms)[0m  [1m[34mSELECT "books".* FROM "books" WHERE "books"."isbn" = $1 LIMIT $2[0m  [["isbn", "9781891830853"], ["LIMIT", 1]]
  ↳ app/services/books_services/get_book.rb:16:in `book'
  [1m[36mAuthor Pluck (5.4ms)[0m  [1m[34mSELECT "authors"."first_name", "authors"."middle_name", "authors"."last_name" FROM "authors" INNER JOIN "book_authors" ON "authors"."id" = "book_authors"."author_id" WHERE "book_authors"."book_id" = $1[0m  [["book_id", 9781891830853]]
  ↳ app/models/book.rb:26:in `author_names'
  [1m[36mPublisher Load (1.0ms)[0m  [1m[34mSELECT "publishers".* FROM "publishers" WHERE "publishers"."id" = $1 LIMIT $2[0m  [["id", 1], ["LIMIT", 1]]
  ↳ app/models/book.rb:33:in `publisher_name'
complete out={:authors=>"Joel Hartse, Hannah P. Templer, Marguerite Z. Duras", :edition=>"Book 2", :image_url=>"https://www.topshelfcomix.com/catalog/covers/americanelfvol2_lg.jpg", :isbn=>"978-1-891830-85-3", :price=>1000.0, :publication_year=>2004, :publisher=>"Paste Magazine", :title=>"American Elf"}
Completed 200 OK in 127ms (Views: 0.2ms | ActiveRecord: 42.1ms | Allocations: 24235)


Started GET "/books/isbn_conversion/1-891-83085-6" for 127.0.0.1 at 2023-05-02 23:51:05 +0800
Processing by BooksController#isbn_conversion as HTML
  Parameters: {"id"=>"1-891-83085-6"}
complete out={:source=>"1-891-83085-6", :isbn10=>"1-891830-85-6", :isbn13=>"978-1-891830-85-3", :is_isbn10=>true, :is_isbn13=>false}
Completed 200 OK in 0ms (Views: 0.1ms | ActiveRecord: 0.0ms | Allocations: 970)


Started GET "/books/978-1-891830-85-3" for 127.0.0.1 at 2023-05-02 23:51:05 +0800
Processing by BooksController#show as HTML
  Parameters: {"id"=>"978-1-891830-85-3"}
  [1m[36mBook Load (0.3ms)[0m  [1m[34mSELECT "books".* FROM "books" WHERE "books"."isbn" = $1 LIMIT $2[0m  [["isbn", "9781891830853"], ["LIMIT", 1]]
  ↳ app/services/books_services/get_book.rb:16:in `book'
  [1m[36mAuthor Pluck (0.3ms)[0m  [1m[34mSELECT "authors"."first_name", "authors"."middle_name", "authors"."last_name" FROM "authors" INNER JOIN "book_authors" ON "authors"."id" = "book_authors"."author_id" WHERE "book_authors"."book_id" = $1[0m  [["book_id", 9781891830853]]
  ↳ app/models/book.rb:26:in `author_names'
  [1m[36mPublisher Load (0.1ms)[0m  [1m[34mSELECT "publishers".* FROM "publishers" WHERE "publishers"."id" = $1 LIMIT $2[0m  [["id", 1], ["LIMIT", 1]]
  ↳ app/models/book.rb:33:in `publisher_name'
complete out={:authors=>"Joel Hartse, Hannah P. Templer, Marguerite Z. Duras", :edition=>"Book 2", :image_url=>"https://www.topshelfcomix.com/catalog/covers/americanelfvol2_lg.jpg", :isbn=>"978-1-891830-85-3", :price=>1000.0, :publication_year=>2004, :publisher=>"Paste Magazine", :title=>"American Elf"}
Completed 200 OK in 2ms (Views: 0.1ms | ActiveRecord: 0.7ms | Allocations: 2455)


Started GET "/books/isbn_conversion/1-891-83085-6" for 127.0.0.1 at 2023-05-02 23:51:14 +0800
Processing by BooksController#isbn_conversion as HTML
  Parameters: {"id"=>"1-891-83085-6"}
complete out={:source=>"1-891-83085-6", :isbn10=>"1-891830-85-6", :isbn13=>"978-1-891830-85-3", :is_isbn10=>true, :is_isbn13=>false}
Completed 200 OK in 0ms (Views: 0.1ms | ActiveRecord: 0.0ms | Allocations: 970)


Started GET "/books/978-1-891830-85-3" for 127.0.0.1 at 2023-05-02 23:51:14 +0800
Processing by BooksController#show as HTML
  Parameters: {"id"=>"978-1-891830-85-3"}
  [1m[36mBook Load (0.3ms)[0m  [1m[34mSELECT "books".* FROM "books" WHERE "books"."isbn" = $1 LIMIT $2[0m  [["isbn", "9781891830853"], ["LIMIT", 1]]
  ↳ app/services/books_services/get_book.rb:16:in `book'
  [1m[36mAuthor Pluck (0.4ms)[0m  [1m[34mSELECT "authors"."first_name", "authors"."middle_name", "authors"."last_name" FROM "authors" INNER JOIN "book_authors" ON "authors"."id" = "book_authors"."author_id" WHERE "book_authors"."book_id" = $1[0m  [["book_id", 9781891830853]]
  ↳ app/models/book.rb:26:in `author_names'
  [1m[36mPublisher Load (0.1ms)[0m  [1m[34mSELECT "publishers".* FROM "publishers" WHERE "publishers"."id" = $1 LIMIT $2[0m  [["id", 1], ["LIMIT", 1]]
  ↳ app/models/book.rb:33:in `publisher_name'
complete out={:authors=>"Joel Hartse, Hannah P. Templer, Marguerite Z. Duras", :edition=>"Book 2", :image_url=>"https://www.topshelfcomix.com/catalog/covers/americanelfvol2_lg.jpg", :isbn=>"978-1-891830-85-3", :price=>1000.0, :publication_year=>2004, :publisher=>"Paste Magazine", :title=>"American Elf"}
Completed 200 OK in 2ms (Views: 0.1ms | ActiveRecord: 0.8ms | Allocations: 2449)


Started GET "/books/isbn_conversion/1-891-83085-6" for 127.0.0.1 at 2023-05-02 23:51:16 +0800
Processing by BooksController#isbn_conversion as HTML
  Parameters: {"id"=>"1-891-83085-6"}
complete out={:source=>"1-891-83085-6", :isbn10=>"1-891830-85-6", :isbn13=>"978-1-891830-85-3", :is_isbn10=>true, :is_isbn13=>false}
Completed 200 OK in 0ms (Views: 0.1ms | ActiveRecord: 0.0ms | Allocations: 971)


Started GET "/books/978-1-891830-85-3" for 127.0.0.1 at 2023-05-02 23:51:16 +0800
Processing by BooksController#show as HTML
  Parameters: {"id"=>"978-1-891830-85-3"}
  [1m[36mBook Load (0.2ms)[0m  [1m[34mSELECT "books".* FROM "books" WHERE "books"."isbn" = $1 LIMIT $2[0m  [["isbn", "9781891830853"], ["LIMIT", 1]]
  ↳ app/services/books_services/get_book.rb:16:in `book'
  [1m[36mAuthor Pluck (0.3ms)[0m  [1m[34mSELECT "authors"."first_name", "authors"."middle_name", "authors"."last_name" FROM "authors" INNER JOIN "book_authors" ON "authors"."id" = "book_authors"."author_id" WHERE "book_authors"."book_id" = $1[0m  [["book_id", 9781891830853]]
  ↳ app/models/book.rb:26:in `author_names'
  [1m[36mPublisher Load (0.6ms)[0m  [1m[34mSELECT "publishers".* FROM "publishers" WHERE "publishers"."id" = $1 LIMIT $2[0m  [["id", 1], ["LIMIT", 1]]
  ↳ app/models/book.rb:33:in `publisher_name'
complete out={:authors=>"Joel Hartse, Hannah P. Templer, Marguerite Z. Duras", :edition=>"Book 2", :image_url=>"https://www.topshelfcomix.com/catalog/covers/americanelfvol2_lg.jpg", :isbn=>"978-1-891830-85-3", :price=>1000.0, :publication_year=>2004, :publisher=>"Paste Magazine", :title=>"American Elf"}
Completed 200 OK in 3ms (Views: 0.1ms | ActiveRecord: 1.1ms | Allocations: 2437)


Started GET "/books/isbn_conversion/1-891-83085-6" for 127.0.0.1 at 2023-05-02 23:52:47 +0800
Processing by BooksController#isbn_conversion as HTML
  Parameters: {"id"=>"1-891-83085-6"}
complete out={:source=>"1-891-83085-6", :isbn10=>"1-891830-85-6", :isbn13=>"978-1-891830-85-3", :is_isbn10=>true, :is_isbn13=>false}
Completed 200 OK in 1ms (Views: 0.1ms | ActiveRecord: 0.0ms | Allocations: 970)


Started GET "/books/978-1-891830-85-3" for 127.0.0.1 at 2023-05-02 23:52:47 +0800
Processing by BooksController#show as HTML
  Parameters: {"id"=>"978-1-891830-85-3"}
  [1m[36mBook Load (0.4ms)[0m  [1m[34mSELECT "books".* FROM "books" WHERE "books"."isbn" = $1 LIMIT $2[0m  [["isbn", "9781891830853"], ["LIMIT", 1]]
  ↳ app/services/books_services/get_book.rb:16:in `book'
  [1m[36mAuthor Pluck (0.6ms)[0m  [1m[34mSELECT "authors"."first_name", "authors"."middle_name", "authors"."last_name" FROM "authors" INNER JOIN "book_authors" ON "authors"."id" = "book_authors"."author_id" WHERE "book_authors"."book_id" = $1[0m  [["book_id", 9781891830853]]
  ↳ app/models/book.rb:26:in `author_names'
  [1m[36mPublisher Load (0.1ms)[0m  [1m[34mSELECT "publishers".* FROM "publishers" WHERE "publishers"."id" = $1 LIMIT $2[0m  [["id", 1], ["LIMIT", 1]]
  ↳ app/models/book.rb:33:in `publisher_name'
complete out={:authors=>"Joel Hartse, Hannah P. Templer, Marguerite Z. Duras", :edition=>"Book 2", :image_url=>"https://www.topshelfcomix.com/catalog/covers/americanelfvol2_lg.jpg", :isbn=>"978-1-891830-85-3", :price=>1000.0, :publication_year=>2004, :publisher=>"Paste Magazine", :title=>"American Elf"}
Completed 200 OK in 4ms (Views: 0.1ms | ActiveRecord: 1.0ms | Allocations: 2438)


Started GET "/books/isbn_conversion/1-891-83085-6" for 127.0.0.1 at 2023-05-02 23:53:18 +0800
Processing by BooksController#isbn_conversion as HTML
  Parameters: {"id"=>"1-891-83085-6"}
complete out={:source=>"1-891-83085-6", :isbn10=>"1-891830-85-6", :isbn13=>"978-1-891830-85-3", :is_isbn10=>true, :is_isbn13=>false}
Completed 200 OK in 3ms (Views: 0.1ms | ActiveRecord: 0.0ms | Allocations: 970)


Started GET "/books/978-1-891830-85-3" for 127.0.0.1 at 2023-05-02 23:53:18 +0800
Processing by BooksController#show as HTML
  Parameters: {"id"=>"978-1-891830-85-3"}
  [1m[36mBook Load (0.5ms)[0m  [1m[34mSELECT "books".* FROM "books" WHERE "books"."isbn" = $1 LIMIT $2[0m  [["isbn", "9781891830853"], ["LIMIT", 1]]
  ↳ app/services/books_services/get_book.rb:16:in `book'
  [1m[36mAuthor Pluck (0.4ms)[0m  [1m[34mSELECT "authors"."first_name", "authors"."middle_name", "authors"."last_name" FROM "authors" INNER JOIN "book_authors" ON "authors"."id" = "book_authors"."author_id" WHERE "book_authors"."book_id" = $1[0m  [["book_id", 9781891830853]]
  ↳ app/models/book.rb:26:in `author_names'
  [1m[36mPublisher Load (0.1ms)[0m  [1m[34mSELECT "publishers".* FROM "publishers" WHERE "publishers"."id" = $1 LIMIT $2[0m  [["id", 1], ["LIMIT", 1]]
  ↳ app/models/book.rb:33:in `publisher_name'
complete out={:authors=>"Joel Hartse, Hannah P. Templer, Marguerite Z. Duras", :edition=>"Book 2", :image_url=>"https://www.topshelfcomix.com/catalog/covers/americanelfvol2_lg.jpg", :isbn=>"978-1-891830-85-3", :price=>1000.0, :publication_year=>2004, :publisher=>"Paste Magazine", :title=>"American Elf"}
Completed 200 OK in 3ms (Views: 0.4ms | ActiveRecord: 1.0ms | Allocations: 2449)


Started GET "/books/isbn_conversion/1-891-83085-6" for 127.0.0.1 at 2023-05-02 23:54:51 +0800
Processing by BooksController#isbn_conversion as HTML
  Parameters: {"id"=>"1-891-83085-6"}
complete out={:source=>"1-891-83085-6", :isbn10=>"1-891830-85-6", :isbn13=>"978-1-891830-85-3", :is_isbn10=>true, :is_isbn13=>false}
Completed 200 OK in 2ms (Views: 0.6ms | ActiveRecord: 0.0ms | Allocations: 970)


Started GET "/books/978-1-891830-85-3" for 127.0.0.1 at 2023-05-02 23:54:51 +0800
Processing by BooksController#show as HTML
  Parameters: {"id"=>"978-1-891830-85-3"}
  [1m[36mBook Load (2.2ms)[0m  [1m[34mSELECT "books".* FROM "books" WHERE "books"."isbn" = $1 LIMIT $2[0m  [["isbn", "9781891830853"], ["LIMIT", 1]]
  ↳ app/services/books_services/get_book.rb:16:in `book'
  [1m[36mAuthor Pluck (0.3ms)[0m  [1m[34mSELECT "authors"."first_name", "authors"."middle_name", "authors"."last_name" FROM "authors" INNER JOIN "book_authors" ON "authors"."id" = "book_authors"."author_id" WHERE "book_authors"."book_id" = $1[0m  [["book_id", 9781891830853]]
  ↳ app/models/book.rb:26:in `author_names'
  [1m[36mPublisher Load (0.1ms)[0m  [1m[34mSELECT "publishers".* FROM "publishers" WHERE "publishers"."id" = $1 LIMIT $2[0m  [["id", 1], ["LIMIT", 1]]
  ↳ app/models/book.rb:33:in `publisher_name'
complete out={:authors=>"Joel Hartse, Hannah P. Templer, Marguerite Z. Duras", :edition=>"Book 2", :image_url=>"https://www.topshelfcomix.com/catalog/covers/americanelfvol2_lg.jpg", :isbn=>"978-1-891830-85-3", :price=>1000.0, :publication_year=>2004, :publisher=>"Paste Magazine", :title=>"American Elf"}
Completed 200 OK in 7ms (Views: 0.1ms | ActiveRecord: 2.6ms | Allocations: 2438)


Started GET "/books/isbn_conversion/1-891-83085-61" for 127.0.0.1 at 2023-05-02 23:54:53 +0800
Processing by BooksController#isbn_conversion as HTML
  Parameters: {"id"=>"1-891-83085-61"}
fail err=Booker::BadRequest msg=Invalid ISBN format
Completed 400 Bad Request in 1ms (Views: 0.2ms | ActiveRecord: 0.0ms | Allocations: 200)


Started GET "/books/isbn_conversion/1-891-83085-61" for 127.0.0.1 at 2023-05-02 23:56:12 +0800
Processing by BooksController#isbn_conversion as HTML
  Parameters: {"id"=>"1-891-83085-61"}
fail err=Booker::BadRequest msg=Invalid ISBN format
Completed 400 Bad Request in 1ms (Views: 0.2ms | ActiveRecord: 0.0ms | Allocations: 199)


Started GET "/books/isbn_conversion/1-891-83085-61" for 127.0.0.1 at 2023-05-02 23:57:38 +0800
Processing by BooksController#isbn_conversion as HTML
  Parameters: {"id"=>"1-891-83085-61"}
fail err=Booker::BadRequest msg=Invalid ISBN format
Completed 400 Bad Request in 0ms (Views: 0.1ms | ActiveRecord: 0.0ms | Allocations: 199)


Started GET "/books/isbn_conversion/1-891-83085-61" for 127.0.0.1 at 2023-05-02 23:58:57 +0800
Processing by BooksController#isbn_conversion as HTML
  Parameters: {"id"=>"1-891-83085-61"}
fail err=Booker::BadRequest msg=Invalid ISBN format
Completed 400 Bad Request in 1ms (Views: 0.3ms | ActiveRecord: 0.0ms | Allocations: 199)


Started GET "/books/isbn_conversion/1-891-83085-61" for 127.0.0.1 at 2023-05-02 23:59:08 +0800
Started GET "/books/isbn_conversion/1-891-83085-61" for 127.0.0.1 at 2023-05-02 23:59:08 +0800
Processing by BooksController#isbn_conversion as HTML
  Parameters: {"id"=>"1-891-83085-61"}
fail err=Booker::BadRequest msg=Invalid ISBN format
Completed 400 Bad Request in 1ms (Views: 0.2ms | ActiveRecord: 0.0ms | Allocations: 227)


Processing by BooksController#isbn_conversion as HTML
  Parameters: {"id"=>"1-891-83085-61"}
fail err=Booker::BadRequest msg=Invalid ISBN format
Completed 400 Bad Request in 1ms (Views: 0.1ms | ActiveRecord: 0.0ms | Allocations: 199)


Started GET "/books/isbn_conversion/1-891-83085-61" for 127.0.0.1 at 2023-05-02 23:59:29 +0800
Processing by BooksController#isbn_conversion as HTML
  Parameters: {"id"=>"1-891-83085-61"}
fail err=Booker::BadRequest msg=Invalid ISBN format
Completed 400 Bad Request in 0ms (Views: 0.1ms | ActiveRecord: 0.0ms | Allocations: 199)


Started GET "/books/isbn_conversion/1-891-83085-61" for 127.0.0.1 at 2023-05-03 00:01:12 +0800
Started GET "/books/isbn_conversion/1-891-83085-61" for 127.0.0.1 at 2023-05-03 00:01:12 +0800
Processing by BooksController#isbn_conversion as HTML
  Parameters: {"id"=>"1-891-83085-61"}
Processing by BooksController#isbn_conversion as HTML
fail err=Booker::BadRequest msg=Invalid ISBN format
  Parameters: {"id"=>"1-891-83085-61"}
fail err=Booker::BadRequest msg=Invalid ISBN format
Completed 400 Bad Request in 2ms (Views: 0.5ms | Allocations: 214)


Completed 400 Bad Request in 1ms (Views: 0.1ms | Allocations: 348)


Started GET "/books/isbn_conversion/1-891-83085-61" for 127.0.0.1 at 2023-05-03 00:02:53 +0800
Started GET "/books/isbn_conversion/1-891-83085-61" for 127.0.0.1 at 2023-05-03 00:02:53 +0800
Processing by BooksController#isbn_conversion as HTML
  Parameters: {"id"=>"1-891-83085-61"}
fail err=Booker::BadRequest msg=Invalid ISBN format
Processing by BooksController#isbn_conversion as HTML
Completed 400 Bad Request in 5ms (Views: 0.5ms | Allocations: 394)


  Parameters: {"id"=>"1-891-83085-61"}
fail err=Booker::BadRequest msg=Invalid ISBN format
Completed 400 Bad Request in 0ms (Views: 0.0ms | Allocations: 235)


Started GET "/books/isbn_conversion/1-891-83085-61" for 127.0.0.1 at 2023-05-03 00:03:06 +0800
Started GET "/books/isbn_conversion/1-891-83085-61" for 127.0.0.1 at 2023-05-03 00:03:06 +0800
Processing by BooksController#isbn_conversion as HTML
  Parameters: {"id"=>"1-891-83085-61"}
fail err=Booker::BadRequest msg=Invalid ISBN format
Completed 400 Bad Request in 1ms (Views: 0.1ms | Allocations: 209)


Processing by BooksController#isbn_conversion as HTML
  Parameters: {"id"=>"1-891-83085-61"}
fail err=Booker::BadRequest msg=Invalid ISBN format
Completed 400 Bad Request in 0ms (Views: 0.1ms | Allocations: 199)


Started GET "/books/isbn_conversion/12312331" for 127.0.0.1 at 2023-05-03 00:04:47 +0800
Started GET "/books/isbn_conversion/12312331" for 127.0.0.1 at 2023-05-03 00:04:47 +0800
Processing by BooksController#isbn_conversion as HTML
Processing by BooksController#isbn_conversion as HTML
  Parameters: {"id"=>"12312331"}
  Parameters: {"id"=>"12312331"}
fail err=Booker::BadRequest msg=Invalid ISBN format
fail err=Booker::BadRequest msg=Invalid ISBN format
Completed 400 Bad Request in 2ms (Views: 0.4ms | Allocations: 256)


Completed 400 Bad Request in 2ms (Views: 0.1ms | Allocations: 356)


Started GET "/books/isbn_conversion/12312331" for 127.0.0.1 at 2023-05-03 00:05:07 +0800
Processing by BooksController#isbn_conversion as HTML
  Parameters: {"id"=>"12312331"}
fail err=Booker::BadRequest msg=Invalid ISBN format
Completed 400 Bad Request in 0ms (Views: 0.1ms | Allocations: 193)


Started GET "/books/isbn_conversion/12312331" for 127.0.0.1 at 2023-05-03 00:05:10 +0800
Processing by BooksController#isbn_conversion as HTML
  Parameters: {"id"=>"12312331"}
fail err=Booker::BadRequest msg=Invalid ISBN format
Completed 400 Bad Request in 1ms (Views: 0.1ms | Allocations: 193)


Started GET "/books/isbn_conversion/12312331" for 127.0.0.1 at 2023-05-03 00:06:07 +0800
Processing by BooksController#isbn_conversion as HTML
  Parameters: {"id"=>"12312331"}
fail err=Booker::BadRequest msg=Invalid ISBN format
Completed 400 Bad Request in 1ms (Views: 0.3ms | Allocations: 193)


Started GET "/books/isbn_conversion/12312331" for 127.0.0.1 at 2023-05-03 00:06:29 +0800
Processing by BooksController#isbn_conversion as HTML
  Parameters: {"id"=>"12312331"}
fail err=Booker::BadRequest msg=Invalid ISBN format
Completed 400 Bad Request in 1ms (Views: 0.2ms | Allocations: 193)


Started GET "/books/isbn_conversion/12312331" for 127.0.0.1 at 2023-05-03 00:07:16 +0800
Processing by BooksController#isbn_conversion as HTML
  Parameters: {"id"=>"12312331"}
fail err=Booker::BadRequest msg=Invalid ISBN format
Completed 400 Bad Request in 1ms (Views: 0.2ms | Allocations: 194)


Started GET "/books/isbn_conversion/12312331" for 127.0.0.1 at 2023-05-03 00:08:14 +0800
Processing by BooksController#isbn_conversion as HTML
  Parameters: {"id"=>"12312331"}
fail err=Booker::BadRequest msg=Invalid ISBN format
Completed 400 Bad Request in 4ms (Views: 0.5ms | Allocations: 193)


Started GET "/books/isbn_conversion/978-3-16-148410-0" for 127.0.0.1 at 2023-05-03 00:08:36 +0800
Processing by BooksController#isbn_conversion as HTML
  Parameters: {"id"=>"978-3-16-148410-0"}
complete out={:source=>"978-3-16-148410-0", :isbn10=>"3-16-148410-X", :isbn13=>"978-3-16-148410-0", :is_isbn10=>false, :is_isbn13=>true}
Completed 200 OK in 1ms (Views: 0.2ms | Allocations: 652)


Started GET "/books/978-3-16-148410-0" for 127.0.0.1 at 2023-05-03 00:08:36 +0800
Processing by BooksController#show as HTML
  Parameters: {"id"=>"978-3-16-148410-0"}
  [1m[36mBook Load (0.6ms)[0m  [1m[34mSELECT "books".* FROM "books" WHERE "books"."isbn" = $1 LIMIT $2[0m  [["isbn", "9783161484100"], ["LIMIT", 1]]
  ↳ app/services/books_services/get_book.rb:16:in `book'
fail err=Booker::NotFound msg=Book with ISBN: 978-3-16-148410-0 not found.
Completed 404 Not Found in 29ms (Views: 0.2ms | ActiveRecord: 7.9ms | Allocations: 3797)


Started GET "/books/isbn_conversion/978-3-16-148410-0" for 127.0.0.1 at 2023-05-03 00:10:08 +0800
Started GET "/books/isbn_conversion/978-3-16-148410-0" for 127.0.0.1 at 2023-05-03 00:10:08 +0800
Processing by BooksController#isbn_conversion as HTML
  Parameters: {"id"=>"978-3-16-148410-0"}
complete out={:source=>"978-3-16-148410-0", :isbn10=>"3-16-148410-X", :isbn13=>"978-3-16-148410-0", :is_isbn10=>false, :is_isbn13=>true}
Processing by BooksController#isbn_conversion as HTML
  Parameters: {"id"=>"978-3-16-148410-0"}
Completed 200 OK in 7ms (Views: 0.5ms | ActiveRecord: 0.0ms | Allocations: 844)


complete out={:source=>"978-3-16-148410-0", :isbn10=>"3-16-148410-X", :isbn13=>"978-3-16-148410-0", :is_isbn10=>false, :is_isbn13=>true}
Completed 200 OK in 1ms (Views: 0.0ms | ActiveRecord: 0.0ms | Allocations: 845)


Started GET "/books/978-3-16-148410-0" for 127.0.0.1 at 2023-05-03 00:10:08 +0800
Started GET "/books/978-3-16-148410-0" for 127.0.0.1 at 2023-05-03 00:10:08 +0800
Processing by BooksController#show as HTML
  Parameters: {"id"=>"978-3-16-148410-0"}
Processing by BooksController#show as HTML
  Parameters: {"id"=>"978-3-16-148410-0"}
  [1m[36mBook Load (0.6ms)[0m  [1m[34mSELECT "books".* FROM "books" WHERE "books"."isbn" = $1 LIMIT $2[0m  [["isbn", "9783161484100"], ["LIMIT", 1]]
  ↳ app/services/books_services/get_book.rb:16:in `book'
fail err=Booker::NotFound msg=Book with ISBN: 978-3-16-148410-0 not found.
Completed 404 Not Found in 3ms (Views: 0.1ms | ActiveRecord: 0.6ms | Allocations: 2206)


  [1m[36mBook Load (0.5ms)[0m  [1m[34mSELECT "books".* FROM "books" WHERE "books"."isbn" = $1 LIMIT $2[0m  [["isbn", "9783161484100"], ["LIMIT", 1]]
  ↳ app/services/books_services/get_book.rb:16:in `book'
fail err=Booker::NotFound msg=Book with ISBN: 978-3-16-148410-0 not found.
Completed 404 Not Found in 25ms (Views: 0.1ms | ActiveRecord: 10.1ms | Allocations: 4559)


Started GET "/books/isbn_conversion/978-3-16-148410-0" for 127.0.0.1 at 2023-05-03 00:10:53 +0800
Processing by BooksController#isbn_conversion as HTML
  Parameters: {"id"=>"978-3-16-148410-0"}
complete out={:source=>"978-3-16-148410-0", :isbn10=>"3-16-148410-X", :isbn13=>"978-3-16-148410-0", :is_isbn10=>false, :is_isbn13=>true}
Completed 200 OK in 1ms (Views: 0.2ms | ActiveRecord: 0.0ms | Allocations: 651)


Started GET "/books/978-3-16-148410-0" for 127.0.0.1 at 2023-05-03 00:10:53 +0800
Processing by BooksController#show as HTML
  Parameters: {"id"=>"978-3-16-148410-0"}
  [1m[36mBook Load (0.7ms)[0m  [1m[34mSELECT "books".* FROM "books" WHERE "books"."isbn" = $1 LIMIT $2[0m  [["isbn", "9783161484100"], ["LIMIT", 1]]
  ↳ app/services/books_services/get_book.rb:16:in `book'
fail err=Booker::NotFound msg=Book with ISBN: 978-3-16-148410-0 not found.
Completed 404 Not Found in 3ms (Views: 0.1ms | ActiveRecord: 0.7ms | Allocations: 776)


Started GET "/books/isbn_conversion/978-3-16-148410-0" for 127.0.0.1 at 2023-05-03 00:11:24 +0800
Processing by BooksController#isbn_conversion as HTML
  Parameters: {"id"=>"978-3-16-148410-0"}
complete out={:source=>"978-3-16-148410-0", :isbn10=>"3-16-148410-X", :isbn13=>"978-3-16-148410-0", :is_isbn10=>false, :is_isbn13=>true}
Completed 200 OK in 1ms (Views: 0.3ms | ActiveRecord: 0.0ms | Allocations: 651)


Started GET "/books/978-3-16-148410-0" for 127.0.0.1 at 2023-05-03 00:11:24 +0800
Processing by BooksController#show as HTML
  Parameters: {"id"=>"978-3-16-148410-0"}
  [1m[36mBook Load (0.3ms)[0m  [1m[34mSELECT "books".* FROM "books" WHERE "books"."isbn" = $1 LIMIT $2[0m  [["isbn", "9783161484100"], ["LIMIT", 1]]
  ↳ app/services/books_services/get_book.rb:16:in `book'
fail err=Booker::NotFound msg=Book with ISBN: 978-3-16-148410-0 not found.
Completed 404 Not Found in 2ms (Views: 0.2ms | ActiveRecord: 0.3ms | Allocations: 773)


Started GET "/books/isbn_conversion/978-3-16-148410-0" for 127.0.0.1 at 2023-05-03 00:11:26 +0800
Processing by BooksController#isbn_conversion as HTML
  Parameters: {"id"=>"978-3-16-148410-0"}
complete out={:source=>"978-3-16-148410-0", :isbn10=>"3-16-148410-X", :isbn13=>"978-3-16-148410-0", :is_isbn10=>false, :is_isbn13=>true}
Completed 200 OK in 1ms (Views: 0.2ms | ActiveRecord: 0.0ms | Allocations: 651)


Started GET "/books/978-3-16-148410-0" for 127.0.0.1 at 2023-05-03 00:11:26 +0800
Processing by BooksController#show as HTML
  Parameters: {"id"=>"978-3-16-148410-0"}
  [1m[36mBook Load (0.3ms)[0m  [1m[34mSELECT "books".* FROM "books" WHERE "books"."isbn" = $1 LIMIT $2[0m  [["isbn", "9783161484100"], ["LIMIT", 1]]
  ↳ app/services/books_services/get_book.rb:16:in `book'
fail err=Booker::NotFound msg=Book with ISBN: 978-3-16-148410-0 not found.
Completed 404 Not Found in 2ms (Views: 0.2ms | ActiveRecord: 0.3ms | Allocations: 774)


Started GET "/books/isbn_conversion/978-3-16-148410-0" for 127.0.0.1 at 2023-05-03 00:11:32 +0800
Processing by BooksController#isbn_conversion as HTML
  Parameters: {"id"=>"978-3-16-148410-0"}
complete out={:source=>"978-3-16-148410-0", :isbn10=>"3-16-148410-X", :isbn13=>"978-3-16-148410-0", :is_isbn10=>false, :is_isbn13=>true}
Completed 200 OK in 1ms (Views: 0.2ms | ActiveRecord: 0.0ms | Allocations: 651)


Started GET "/books/978-3-16-148410-0" for 127.0.0.1 at 2023-05-03 00:11:32 +0800
Processing by BooksController#show as HTML
  Parameters: {"id"=>"978-3-16-148410-0"}
  [1m[36mBook Load (0.3ms)[0m  [1m[34mSELECT "books".* FROM "books" WHERE "books"."isbn" = $1 LIMIT $2[0m  [["isbn", "9783161484100"], ["LIMIT", 1]]
  ↳ app/services/books_services/get_book.rb:16:in `book'
fail err=Booker::NotFound msg=Book with ISBN: 978-3-16-148410-0 not found.
Completed 404 Not Found in 2ms (Views: 0.1ms | ActiveRecord: 0.3ms | Allocations: 773)


Started GET "/books/isbn_conversion/978-3-16-148410-0" for 127.0.0.1 at 2023-05-03 00:11:33 +0800
Processing by BooksController#isbn_conversion as HTML
  Parameters: {"id"=>"978-3-16-148410-0"}
complete out={:source=>"978-3-16-148410-0", :isbn10=>"3-16-148410-X", :isbn13=>"978-3-16-148410-0", :is_isbn10=>false, :is_isbn13=>true}
Completed 200 OK in 1ms (Views: 0.2ms | ActiveRecord: 0.0ms | Allocations: 651)


Started GET "/books/978-3-16-148410-0" for 127.0.0.1 at 2023-05-03 00:11:33 +0800
Processing by BooksController#show as HTML
  Parameters: {"id"=>"978-3-16-148410-0"}
  [1m[36mBook Load (0.5ms)[0m  [1m[34mSELECT "books".* FROM "books" WHERE "books"."isbn" = $1 LIMIT $2[0m  [["isbn", "9783161484100"], ["LIMIT", 1]]
  ↳ app/services/books_services/get_book.rb:16:in `book'
fail err=Booker::NotFound msg=Book with ISBN: 978-3-16-148410-0 not found.
Completed 404 Not Found in 2ms (Views: 0.1ms | ActiveRecord: 0.5ms | Allocations: 773)


Started GET "/books/isbn_conversion/978-3-16-148410-0" for 127.0.0.1 at 2023-05-03 00:12:06 +0800
Started GET "/books/isbn_conversion/978-3-16-148410-0" for 127.0.0.1 at 2023-05-03 00:12:06 +0800
Processing by BooksController#isbn_conversion as HTML
  Parameters: {"id"=>"978-3-16-148410-0"}
Processing by BooksController#isbn_conversion as HTML
complete out={:source=>"978-3-16-148410-0", :isbn10=>"3-16-148410-X", :isbn13=>"978-3-16-148410-0", :is_isbn10=>false, :is_isbn13=>true}
Completed 200 OK in 1ms (Views: 0.2ms | ActiveRecord: 0.0ms | Allocations: 669)


  Parameters: {"id"=>"978-3-16-148410-0"}
complete out={:source=>"978-3-16-148410-0", :isbn10=>"3-16-148410-X", :isbn13=>"978-3-16-148410-0", :is_isbn10=>false, :is_isbn13=>true}
Completed 200 OK in 0ms (Views: 0.1ms | ActiveRecord: 0.0ms | Allocations: 663)


Started GET "/books/978-3-16-148410-0" for 127.0.0.1 at 2023-05-03 00:12:06 +0800
Started GET "/books/978-3-16-148410-0" for 127.0.0.1 at 2023-05-03 00:12:06 +0800
Processing by BooksController#show as HTML
  Parameters: {"id"=>"978-3-16-148410-0"}
Processing by BooksController#show as HTML
  Parameters: {"id"=>"978-3-16-148410-0"}
  [1m[36mBook Load (0.5ms)[0m  [1m[34mSELECT "books".* FROM "books" WHERE "books"."isbn" = $1 LIMIT $2[0m  [["isbn", "9783161484100"], ["LIMIT", 1]]
  ↳ app/services/books_services/get_book.rb:16:in `book'
fail err=Booker::NotFound msg=Book with ISBN: 978-3-16-148410-0 not found.
Completed 404 Not Found in 30ms (Views: 0.3ms | ActiveRecord: 0.5ms | Allocations: 1335)


  [1m[36mBook Load (4.5ms)[0m  [1m[34mSELECT "books".* FROM "books" WHERE "books"."isbn" = $1 LIMIT $2[0m  [["isbn", "9783161484100"], ["LIMIT", 1]]
  ↳ app/services/books_services/get_book.rb:16:in `book'
fail err=Booker::NotFound msg=Book with ISBN: 978-3-16-148410-0 not found.
Completed 404 Not Found in 33ms (Views: 0.2ms | ActiveRecord: 4.5ms | Allocations: 1636)


Started GET "/books/isbn_conversion/978-3-16-148410-0" for 127.0.0.1 at 2023-05-03 00:12:37 +0800
Processing by BooksController#isbn_conversion as HTML
  Parameters: {"id"=>"978-3-16-148410-0"}
complete out={:source=>"978-3-16-148410-0", :isbn10=>"3-16-148410-X", :isbn13=>"978-3-16-148410-0", :is_isbn10=>false, :is_isbn13=>true}
Completed 200 OK in 0ms (Views: 0.1ms | ActiveRecord: 0.0ms | Allocations: 651)


Started GET "/books/978-3-16-148410-0" for 127.0.0.1 at 2023-05-03 00:12:37 +0800
Processing by BooksController#show as HTML
  Parameters: {"id"=>"978-3-16-148410-0"}
  [1m[36mBook Load (0.3ms)[0m  [1m[34mSELECT "books".* FROM "books" WHERE "books"."isbn" = $1 LIMIT $2[0m  [["isbn", "9783161484100"], ["LIMIT", 1]]
  ↳ app/services/books_services/get_book.rb:16:in `book'
fail err=Booker::NotFound msg=Book with ISBN: 978-3-16-148410-0 not found.
Completed 404 Not Found in 2ms (Views: 0.1ms | ActiveRecord: 0.3ms | Allocations: 773)


Started GET "/books/isbn_conversion/978-3-16-148410-0" for 127.0.0.1 at 2023-05-03 00:12:41 +0800
Processing by BooksController#isbn_conversion as HTML
  Parameters: {"id"=>"978-3-16-148410-0"}
complete out={:source=>"978-3-16-148410-0", :isbn10=>"3-16-148410-X", :isbn13=>"978-3-16-148410-0", :is_isbn10=>false, :is_isbn13=>true}
Completed 200 OK in 5ms (Views: 0.2ms | ActiveRecord: 0.0ms | Allocations: 651)


Started GET "/books/978-3-16-148410-0" for 127.0.0.1 at 2023-05-03 00:12:41 +0800
Processing by BooksController#show as HTML
  Parameters: {"id"=>"978-3-16-148410-0"}
  [1m[36mBook Load (0.2ms)[0m  [1m[34mSELECT "books".* FROM "books" WHERE "books"."isbn" = $1 LIMIT $2[0m  [["isbn", "9783161484100"], ["LIMIT", 1]]
  ↳ app/services/books_services/get_book.rb:16:in `book'
fail err=Booker::NotFound msg=Book with ISBN: 978-3-16-148410-0 not found.
Completed 404 Not Found in 2ms (Views: 0.2ms | ActiveRecord: 0.2ms | Allocations: 773)


Started GET "/books/isbn_conversion/978-1-603095-13-6" for 127.0.0.1 at 2023-05-03 00:13:02 +0800
Processing by BooksController#isbn_conversion as HTML
  Parameters: {"id"=>"978-1-603095-13-6"}
complete out={:source=>"978-1-603095-13-6", :isbn10=>"1-60309-513-6", :isbn13=>"978-1-60309-513-6", :is_isbn10=>false, :is_isbn13=>true}
Completed 200 OK in 2ms (Views: 0.2ms | ActiveRecord: 0.0ms | Allocations: 1000)


Started GET "/books/978-1-60309-513-6" for 127.0.0.1 at 2023-05-03 00:13:02 +0800
Processing by BooksController#show as HTML
  Parameters: {"id"=>"978-1-60309-513-6"}
  [1m[36mBook Load (0.3ms)[0m  [1m[34mSELECT "books".* FROM "books" WHERE "books"."isbn" = $1 LIMIT $2[0m  [["isbn", "9781603095136"], ["LIMIT", 1]]
  ↳ app/services/books_services/get_book.rb:16:in `book'
fail err=Booker::NotFound msg=Book with ISBN: 978-1-60309-513-6 not found.
Completed 404 Not Found in 2ms (Views: 0.1ms | ActiveRecord: 0.3ms | Allocations: 773)


Started GET "/books/isbn_conversion/978-1-60309-038-4" for 127.0.0.1 at 2023-05-03 00:13:17 +0800
Processing by BooksController#isbn_conversion as HTML
  Parameters: {"id"=>"978-1-60309-038-4"}
complete out={:source=>"978-1-60309-038-4", :isbn10=>"1-60309-038-X", :isbn13=>"978-1-60309-038-4", :is_isbn10=>false, :is_isbn13=>true}
Completed 200 OK in 1ms (Views: 0.2ms | ActiveRecord: 0.0ms | Allocations: 999)


Started GET "/books/978-1-60309-038-4" for 127.0.0.1 at 2023-05-03 00:13:17 +0800
Processing by BooksController#show as HTML
  Parameters: {"id"=>"978-1-60309-038-4"}
  [1m[36mBook Load (0.5ms)[0m  [1m[34mSELECT "books".* FROM "books" WHERE "books"."isbn" = $1 LIMIT $2[0m  [["isbn", "9781603090384"], ["LIMIT", 1]]
  ↳ app/services/books_services/get_book.rb:16:in `book'
  [1m[36mAuthor Pluck (2.3ms)[0m  [1m[34mSELECT "authors"."first_name", "authors"."middle_name", "authors"."last_name" FROM "authors" INNER JOIN "book_authors" ON "authors"."id" = "book_authors"."author_id" WHERE "book_authors"."book_id" = $1[0m  [["book_id", 9781603090384]]
  ↳ app/models/book.rb:26:in `author_names'
  [1m[36mPublisher Load (0.4ms)[0m  [1m[34mSELECT "publishers".* FROM "publishers" WHERE "publishers"."id" = $1 LIMIT $2[0m  [["id", 3], ["LIMIT", 1]]
  ↳ app/models/book.rb:33:in `publisher_name'
complete out={:authors=>"Kingsley Amis", :edition=>nil, :image_url=>"https://m.media-amazon.com/images/I/61Bsh18xq4L._SX331_BO1,204,203,200_.jpg", :isbn=>"978-1-60309-038-4", :price=>500.0, :publication_year=>1990, :publisher=>"Graywolf Press", :title=>"Essex County"}
Completed 200 OK in 21ms (Views: 0.2ms | ActiveRecord: 3.1ms | Allocations: 2417)


Started GET "/books/isbn_conversion/978-1-60309-038-" for 127.0.0.1 at 2023-05-03 00:13:29 +0800
Processing by BooksController#isbn_conversion as HTML
  Parameters: {"id"=>"978-1-60309-038-"}
fail err=Booker::BadRequest msg=Invalid ISBN format
Completed 400 Bad Request in 1ms (Views: 0.2ms | ActiveRecord: 0.0ms | Allocations: 201)


Started GET "/books/isbn_conversion/978-1-60309-038-4" for 127.0.0.1 at 2023-05-03 00:13:31 +0800
Processing by BooksController#isbn_conversion as HTML
  Parameters: {"id"=>"978-1-60309-038-4"}
complete out={:source=>"978-1-60309-038-4", :isbn10=>"1-60309-038-X", :isbn13=>"978-1-60309-038-4", :is_isbn10=>false, :is_isbn13=>true}
Completed 200 OK in 3ms (Views: 0.2ms | ActiveRecord: 0.0ms | Allocations: 999)


Started GET "/books/978-1-60309-038-4" for 127.0.0.1 at 2023-05-03 00:13:31 +0800
Processing by BooksController#show as HTML
  Parameters: {"id"=>"978-1-60309-038-4"}
  [1m[36mBook Load (0.2ms)[0m  [1m[34mSELECT "books".* FROM "books" WHERE "books"."isbn" = $1 LIMIT $2[0m  [["isbn", "9781603090384"], ["LIMIT", 1]]
  ↳ app/services/books_services/get_book.rb:16:in `book'
  [1m[36mAuthor Pluck (0.4ms)[0m  [1m[34mSELECT "authors"."first_name", "authors"."middle_name", "authors"."last_name" FROM "authors" INNER JOIN "book_authors" ON "authors"."id" = "book_authors"."author_id" WHERE "book_authors"."book_id" = $1[0m  [["book_id", 9781603090384]]
  ↳ app/models/book.rb:26:in `author_names'
  [1m[36mPublisher Load (0.5ms)[0m  [1m[34mSELECT "publishers".* FROM "publishers" WHERE "publishers"."id" = $1 LIMIT $2[0m  [["id", 3], ["LIMIT", 1]]
  ↳ app/models/book.rb:33:in `publisher_name'
complete out={:authors=>"Kingsley Amis", :edition=>nil, :image_url=>"https://m.media-amazon.com/images/I/61Bsh18xq4L._SX331_BO1,204,203,200_.jpg", :isbn=>"978-1-60309-038-4", :price=>500.0, :publication_year=>1990, :publisher=>"Graywolf Press", :title=>"Essex County"}
Completed 200 OK in 7ms (Views: 0.2ms | ActiveRecord: 1.1ms | Allocations: 2411)


Started GET "/books/isbn_conversion/978-1-60309-038-" for 127.0.0.1 at 2023-05-03 00:13:59 +0800
Processing by BooksController#isbn_conversion as HTML
  Parameters: {"id"=>"978-1-60309-038-"}
fail err=Booker::BadRequest msg=Invalid ISBN format
Completed 400 Bad Request in 8ms (Views: 0.4ms | ActiveRecord: 0.0ms | Allocations: 202)


Started GET "/books/isbn_conversion/978-1-60309-038-4" for 127.0.0.1 at 2023-05-03 00:14:00 +0800
Processing by BooksController#isbn_conversion as HTML
  Parameters: {"id"=>"978-1-60309-038-4"}
complete out={:source=>"978-1-60309-038-4", :isbn10=>"1-60309-038-X", :isbn13=>"978-1-60309-038-4", :is_isbn10=>false, :is_isbn13=>true}
Completed 200 OK in 1ms (Views: 0.2ms | ActiveRecord: 0.0ms | Allocations: 999)


Started GET "/books/978-1-60309-038-4" for 127.0.0.1 at 2023-05-03 00:14:00 +0800
Processing by BooksController#show as HTML
  Parameters: {"id"=>"978-1-60309-038-4"}
  [1m[36mBook Load (0.5ms)[0m  [1m[34mSELECT "books".* FROM "books" WHERE "books"."isbn" = $1 LIMIT $2[0m  [["isbn", "9781603090384"], ["LIMIT", 1]]
  ↳ app/services/books_services/get_book.rb:16:in `book'
  [1m[36mAuthor Pluck (0.5ms)[0m  [1m[34mSELECT "authors"."first_name", "authors"."middle_name", "authors"."last_name" FROM "authors" INNER JOIN "book_authors" ON "authors"."id" = "book_authors"."author_id" WHERE "book_authors"."book_id" = $1[0m  [["book_id", 9781603090384]]
  ↳ app/models/book.rb:26:in `author_names'
  [1m[36mPublisher Load (0.1ms)[0m  [1m[34mSELECT "publishers".* FROM "publishers" WHERE "publishers"."id" = $1 LIMIT $2[0m  [["id", 3], ["LIMIT", 1]]
  ↳ app/models/book.rb:33:in `publisher_name'
complete out={:authors=>"Kingsley Amis", :edition=>nil, :image_url=>"https://m.media-amazon.com/images/I/61Bsh18xq4L._SX331_BO1,204,203,200_.jpg", :isbn=>"978-1-60309-038-4", :price=>500.0, :publication_year=>1990, :publisher=>"Graywolf Press", :title=>"Essex County"}
Completed 200 OK in 5ms (Views: 0.1ms | ActiveRecord: 1.2ms | Allocations: 2410)


Started GET "/books/isbn_conversion/978-1-60309-038-4" for 127.0.0.1 at 2023-05-03 00:14:31 +0800
Processing by BooksController#isbn_conversion as HTML
  Parameters: {"id"=>"978-1-60309-038-4"}
complete out={:source=>"978-1-60309-038-4", :isbn10=>"1-60309-038-X", :isbn13=>"978-1-60309-038-4", :is_isbn10=>false, :is_isbn13=>true}
Completed 200 OK in 1ms (Views: 0.2ms | ActiveRecord: 0.0ms | Allocations: 999)


Started GET "/books/978-1-60309-038-4" for 127.0.0.1 at 2023-05-03 00:14:31 +0800
Processing by BooksController#show as HTML
  Parameters: {"id"=>"978-1-60309-038-4"}
  [1m[36mBook Load (0.3ms)[0m  [1m[34mSELECT "books".* FROM "books" WHERE "books"."isbn" = $1 LIMIT $2[0m  [["isbn", "9781603090384"], ["LIMIT", 1]]
  ↳ app/services/books_services/get_book.rb:16:in `book'
  [1m[36mAuthor Pluck (0.4ms)[0m  [1m[34mSELECT "authors"."first_name", "authors"."middle_name", "authors"."last_name" FROM "authors" INNER JOIN "book_authors" ON "authors"."id" = "book_authors"."author_id" WHERE "book_authors"."book_id" = $1[0m  [["book_id", 9781603090384]]
  ↳ app/models/book.rb:26:in `author_names'
  [1m[36mPublisher Load (2.8ms)[0m  [1m[34mSELECT "publishers".* FROM "publishers" WHERE "publishers"."id" = $1 LIMIT $2[0m  [["id", 3], ["LIMIT", 1]]
  ↳ app/models/book.rb:33:in `publisher_name'
complete out={:authors=>"Kingsley Amis", :edition=>nil, :image_url=>"https://m.media-amazon.com/images/I/61Bsh18xq4L._SX331_BO1,204,203,200_.jpg", :isbn=>"978-1-60309-038-4", :price=>500.0, :publication_year=>1990, :publisher=>"Graywolf Press", :title=>"Essex County"}
Completed 200 OK in 6ms (Views: 0.1ms | ActiveRecord: 3.5ms | Allocations: 2410)


Started GET "/books/isbn_conversion/978-1-60309-038-" for 127.0.0.1 at 2023-05-03 00:14:38 +0800
Processing by BooksController#isbn_conversion as HTML
  Parameters: {"id"=>"978-1-60309-038-"}
fail err=Booker::BadRequest msg=Invalid ISBN format
Completed 400 Bad Request in 1ms (Views: 0.1ms | ActiveRecord: 0.0ms | Allocations: 201)


Started GET "/books/isbn_conversion/978-1-60309-038-4" for 127.0.0.1 at 2023-05-03 00:14:39 +0800
Processing by BooksController#isbn_conversion as HTML
  Parameters: {"id"=>"978-1-60309-038-4"}
complete out={:source=>"978-1-60309-038-4", :isbn10=>"1-60309-038-X", :isbn13=>"978-1-60309-038-4", :is_isbn10=>false, :is_isbn13=>true}
Completed 200 OK in 1ms (Views: 0.2ms | ActiveRecord: 0.0ms | Allocations: 999)


Started GET "/books/978-1-60309-038-4" for 127.0.0.1 at 2023-05-03 00:14:39 +0800
Processing by BooksController#show as HTML
  Parameters: {"id"=>"978-1-60309-038-4"}
  [1m[36mBook Load (0.2ms)[0m  [1m[34mSELECT "books".* FROM "books" WHERE "books"."isbn" = $1 LIMIT $2[0m  [["isbn", "9781603090384"], ["LIMIT", 1]]
  ↳ app/services/books_services/get_book.rb:16:in `book'
  [1m[36mAuthor Pluck (0.4ms)[0m  [1m[34mSELECT "authors"."first_name", "authors"."middle_name", "authors"."last_name" FROM "authors" INNER JOIN "book_authors" ON "authors"."id" = "book_authors"."author_id" WHERE "book_authors"."book_id" = $1[0m  [["book_id", 9781603090384]]
  ↳ app/models/book.rb:26:in `author_names'
  [1m[36mPublisher Load (0.5ms)[0m  [1m[34mSELECT "publishers".* FROM "publishers" WHERE "publishers"."id" = $1 LIMIT $2[0m  [["id", 3], ["LIMIT", 1]]
  ↳ app/models/book.rb:33:in `publisher_name'
complete out={:authors=>"Kingsley Amis", :edition=>nil, :image_url=>"https://m.media-amazon.com/images/I/61Bsh18xq4L._SX331_BO1,204,203,200_.jpg", :isbn=>"978-1-60309-038-4", :price=>500.0, :publication_year=>1990, :publisher=>"Graywolf Press", :title=>"Essex County"}
Completed 200 OK in 6ms (Views: 0.2ms | ActiveRecord: 1.1ms | Allocations: 2410)


Started GET "/books/isbn_conversion/1-603-09038-X" for 127.0.0.1 at 2023-05-03 00:15:46 +0800
Processing by BooksController#isbn_conversion as HTML
  Parameters: {"id"=>"1-603-09038-X"}
complete out={:source=>"1-603-09038-X", :isbn10=>"1-60309-038-X", :isbn13=>"978-1-60309-038-4", :is_isbn10=>true, :is_isbn13=>false}
Completed 200 OK in 2ms (Views: 0.4ms | ActiveRecord: 0.0ms | Allocations: 953)


Started GET "/books/978-1-60309-038-4" for 127.0.0.1 at 2023-05-03 00:15:46 +0800
Processing by BooksController#show as HTML
  Parameters: {"id"=>"978-1-60309-038-4"}
  [1m[36mBook Load (0.9ms)[0m  [1m[34mSELECT "books".* FROM "books" WHERE "books"."isbn" = $1 LIMIT $2[0m  [["isbn", "9781603090384"], ["LIMIT", 1]]
  ↳ app/services/books_services/get_book.rb:16:in `book'
  [1m[36mAuthor Pluck (0.7ms)[0m  [1m[34mSELECT "authors"."first_name", "authors"."middle_name", "authors"."last_name" FROM "authors" INNER JOIN "book_authors" ON "authors"."id" = "book_authors"."author_id" WHERE "book_authors"."book_id" = $1[0m  [["book_id", 9781603090384]]
  ↳ app/models/book.rb:26:in `author_names'
  [1m[36mPublisher Load (0.2ms)[0m  [1m[34mSELECT "publishers".* FROM "publishers" WHERE "publishers"."id" = $1 LIMIT $2[0m  [["id", 3], ["LIMIT", 1]]
  ↳ app/models/book.rb:33:in `publisher_name'
complete out={:authors=>"Kingsley Amis", :edition=>nil, :image_url=>"https://m.media-amazon.com/images/I/61Bsh18xq4L._SX331_BO1,204,203,200_.jpg", :isbn=>"978-1-60309-038-4", :price=>500.0, :publication_year=>1990, :publisher=>"Graywolf Press", :title=>"Essex County"}
Completed 200 OK in 8ms (Views: 0.1ms | ActiveRecord: 1.8ms | Allocations: 2410)


Started GET "/books/isbn_conversion/1-603-09454-7" for 127.0.0.1 at 2023-05-03 00:15:54 +0800
Processing by BooksController#isbn_conversion as HTML
  Parameters: {"id"=>"1-603-09454-7"}
complete out={:source=>"1-603-09454-7", :isbn10=>"1-60309-454-7", :isbn13=>"978-1-60309-454-2", :is_isbn10=>true, :is_isbn13=>false}
Completed 200 OK in 1ms (Views: 0.2ms | ActiveRecord: 0.0ms | Allocations: 970)


Started GET "/books/978-1-60309-454-2" for 127.0.0.1 at 2023-05-03 00:15:54 +0800
Processing by BooksController#show as HTML
  Parameters: {"id"=>"978-1-60309-454-2"}
  [1m[36mBook Load (0.2ms)[0m  [1m[34mSELECT "books".* FROM "books" WHERE "books"."isbn" = $1 LIMIT $2[0m  [["isbn", "9781603094542"], ["LIMIT", 1]]
  ↳ app/services/books_services/get_book.rb:16:in `book'
  [1m[36mAuthor Pluck (0.3ms)[0m  [1m[34mSELECT "authors"."first_name", "authors"."middle_name", "authors"."last_name" FROM "authors" INNER JOIN "book_authors" ON "authors"."id" = "book_authors"."author_id" WHERE "book_authors"."book_id" = $1[0m  [["book_id", 9781603094542]]
  ↳ app/models/book.rb:26:in `author_names'
  [1m[36mPublisher Load (0.1ms)[0m  [1m[34mSELECT "publishers".* FROM "publishers" WHERE "publishers"."id" = $1 LIMIT $2[0m  [["id", 2], ["LIMIT", 1]]
  ↳ app/models/book.rb:33:in `publisher_name'
complete out={:authors=>"Kingsley Amis", :edition=>"Book 1", :image_url=>"https://i.gr-assets.com/images/S/compressed.photo.goodreads.com/hostedimages/1624734807i/31553044._SY540_.jpg", :isbn=>"978-1-60309-454-2", :price=>2000.0, :publication_year=>2019, :publisher=>"Publishers Weekly", :title=>"Cosmoknights"}
Completed 200 OK in 6ms (Views: 0.2ms | ActiveRecord: 0.6ms | Allocations: 2417)


Started GET "/books/isbn_conversion/1-891-83085-6" for 127.0.0.1 at 2023-05-03 00:16:06 +0800
Processing by BooksController#isbn_conversion as HTML
  Parameters: {"id"=>"1-891-83085-6"}
complete out={:source=>"1-891-83085-6", :isbn10=>"1-891830-85-6", :isbn13=>"978-1-891830-85-3", :is_isbn10=>true, :is_isbn13=>false}
Completed 200 OK in 1ms (Views: 0.2ms | ActiveRecord: 0.0ms | Allocations: 970)


Started GET "/books/978-1-891830-85-3" for 127.0.0.1 at 2023-05-03 00:16:06 +0800
Processing by BooksController#show as HTML
  Parameters: {"id"=>"978-1-891830-85-3"}
  [1m[36mBook Load (0.2ms)[0m  [1m[34mSELECT "books".* FROM "books" WHERE "books"."isbn" = $1 LIMIT $2[0m  [["isbn", "9781891830853"], ["LIMIT", 1]]
  ↳ app/services/books_services/get_book.rb:16:in `book'
  [1m[36mAuthor Pluck (0.2ms)[0m  [1m[34mSELECT "authors"."first_name", "authors"."middle_name", "authors"."last_name" FROM "authors" INNER JOIN "book_authors" ON "authors"."id" = "book_authors"."author_id" WHERE "book_authors"."book_id" = $1[0m  [["book_id", 9781891830853]]
  ↳ app/models/book.rb:26:in `author_names'
  [1m[36mPublisher Load (0.1ms)[0m  [1m[34mSELECT "publishers".* FROM "publishers" WHERE "publishers"."id" = $1 LIMIT $2[0m  [["id", 1], ["LIMIT", 1]]
  ↳ app/models/book.rb:33:in `publisher_name'
complete out={:authors=>"Joel Hartse, Hannah P. Templer, Marguerite Z. Duras", :edition=>"Book 2", :image_url=>"https://www.topshelfcomix.com/catalog/covers/americanelfvol2_lg.jpg", :isbn=>"978-1-891830-85-3", :price=>1000.0, :publication_year=>2004, :publisher=>"Paste Magazine", :title=>"American Elf"}
Completed 200 OK in 4ms (Views: 0.1ms | ActiveRecord: 0.5ms | Allocations: 2437)


Started GET "/books/isbn_conversion/1-603-09398-2" for 127.0.0.1 at 2023-05-03 00:16:13 +0800
Processing by BooksController#isbn_conversion as HTML
  Parameters: {"id"=>"1-603-09398-2"}
complete out={:source=>"1-603-09398-2", :isbn10=>"1-60309-398-2", :isbn13=>"978-1-60309-398-9", :is_isbn10=>true, :is_isbn13=>false}
Completed 200 OK in 1ms (Views: 0.2ms | ActiveRecord: 0.0ms | Allocations: 970)


Started GET "/books/978-1-60309-398-9" for 127.0.0.1 at 2023-05-03 00:16:13 +0800
Processing by BooksController#show as HTML
  Parameters: {"id"=>"978-1-60309-398-9"}
  [1m[36mBook Load (0.2ms)[0m  [1m[34mSELECT "books".* FROM "books" WHERE "books"."isbn" = $1 LIMIT $2[0m  [["isbn", "9781603093989"], ["LIMIT", 1]]
  ↳ app/services/books_services/get_book.rb:16:in `book'
  [1m[36mAuthor Pluck (0.2ms)[0m  [1m[34mSELECT "authors"."first_name", "authors"."middle_name", "authors"."last_name" FROM "authors" INNER JOIN "book_authors" ON "authors"."id" = "book_authors"."author_id" WHERE "book_authors"."book_id" = $1[0m  [["book_id", 9781603093989]]
  ↳ app/models/book.rb:26:in `author_names'
  [1m[36mPublisher Load (0.1ms)[0m  [1m[34mSELECT "publishers".* FROM "publishers" WHERE "publishers"."id" = $1 LIMIT $2[0m  [["id", 4], ["LIMIT", 1]]
  ↳ app/models/book.rb:33:in `publisher_name'
complete out={:authors=>"Rainer Steel Rilke", :edition=>nil, :image_url=>"https://s3.amazonaws.com/comicgeeks/comics/covers/large-6274588.jpg?1559820703", :isbn=>"978-1-60309-398-9", :price=>3000.0, :publication_year=>2022, :publisher=>"McSweeney's", :title=>"The Underwater Welder"}
Completed 200 OK in 5ms (Views: 0.2ms | ActiveRecord: 0.5ms | Allocations: 2414)


Started GET "/books/isbn_conversion/1-891-83085-6" for 127.0.0.1 at 2023-05-03 00:17:16 +0800
Processing by BooksController#isbn_conversion as HTML
  Parameters: {"id"=>"1-891-83085-6"}
complete out={:source=>"1-891-83085-6", :isbn10=>"1-891830-85-6", :isbn13=>"978-1-891830-85-3", :is_isbn10=>true, :is_isbn13=>false}
Completed 200 OK in 1ms (Views: 0.3ms | ActiveRecord: 0.0ms | Allocations: 970)


Started GET "/books/978-1-891830-85-3" for 127.0.0.1 at 2023-05-03 00:17:16 +0800
Processing by BooksController#show as HTML
  Parameters: {"id"=>"978-1-891830-85-3"}
  [1m[36mBook Load (0.4ms)[0m  [1m[34mSELECT "books".* FROM "books" WHERE "books"."isbn" = $1 LIMIT $2[0m  [["isbn", "9781891830853"], ["LIMIT", 1]]
  ↳ app/services/books_services/get_book.rb:16:in `book'
  [1m[36mAuthor Pluck (0.6ms)[0m  [1m[34mSELECT "authors"."first_name", "authors"."middle_name", "authors"."last_name" FROM "authors" INNER JOIN "book_authors" ON "authors"."id" = "book_authors"."author_id" WHERE "book_authors"."book_id" = $1[0m  [["book_id", 9781891830853]]
  ↳ app/models/book.rb:26:in `author_names'
  [1m[36mPublisher Load (0.2ms)[0m  [1m[34mSELECT "publishers".* FROM "publishers" WHERE "publishers"."id" = $1 LIMIT $2[0m  [["id", 1], ["LIMIT", 1]]
  ↳ app/models/book.rb:33:in `publisher_name'
complete out={:authors=>"Joel Hartse, Hannah P. Templer, Marguerite Z. Duras", :edition=>"Book 2", :image_url=>"https://www.topshelfcomix.com/catalog/covers/americanelfvol2_lg.jpg", :isbn=>"978-1-891830-85-3", :price=>1000.0, :publication_year=>2004, :publisher=>"Paste Magazine", :title=>"American Elf"}
Completed 200 OK in 4ms (Views: 0.1ms | ActiveRecord: 1.2ms | Allocations: 2437)


Started GET "/books/isbn_conversion/1-891-83085-6" for 127.0.0.1 at 2023-05-03 00:17:34 +0800
Started GET "/books/isbn_conversion/1-891-83085-6" for 127.0.0.1 at 2023-05-03 00:17:34 +0800
Processing by BooksController#isbn_conversion as HTML
  Parameters: {"id"=>"1-891-83085-6"}
complete out={:source=>"1-891-83085-6", :isbn10=>"1-891830-85-6", :isbn13=>"978-1-891830-85-3", :is_isbn10=>true, :is_isbn13=>false}
Completed 200 OK in 1ms (Views: 0.2ms | ActiveRecord: 0.0ms | Allocations: 974)


Processing by BooksController#isbn_conversion as HTML
  Parameters: {"id"=>"1-891-83085-6"}
complete out={:source=>"1-891-83085-6", :isbn10=>"1-891830-85-6", :isbn13=>"978-1-891830-85-3", :is_isbn10=>true, :is_isbn13=>false}
Completed 200 OK in 1ms (Views: 0.1ms | ActiveRecord: 0.0ms | Allocations: 970)


Started GET "/books/978-1-891830-85-3" for 127.0.0.1 at 2023-05-03 00:17:34 +0800
Started GET "/books/978-1-891830-85-3" for 127.0.0.1 at 2023-05-03 00:17:34 +0800
Processing by BooksController#show as HTML
  Parameters: {"id"=>"978-1-891830-85-3"}
  [1m[36mBook Load (0.2ms)[0m  [1m[34mSELECT "books".* FROM "books" WHERE "books"."isbn" = $1 LIMIT $2[0m  [["isbn", "9781891830853"], ["LIMIT", 1]]
  ↳ app/services/books_services/get_book.rb:16:in `book'
Processing by BooksController#show as HTML
  Parameters: {"id"=>"978-1-891830-85-3"}
  [1m[36mAuthor Pluck (10.0ms)[0m  [1m[34mSELECT "authors"."first_name", "authors"."middle_name", "authors"."last_name" FROM "authors" INNER JOIN "book_authors" ON "authors"."id" = "book_authors"."author_id" WHERE "book_authors"."book_id" = $1[0m  [["book_id", 9781891830853]]
  ↳ app/models/book.rb:26:in `author_names'
  [1m[36mPublisher Load (0.8ms)[0m  [1m[34mSELECT "publishers".* FROM "publishers" WHERE "publishers"."id" = $1 LIMIT $2[0m  [["id", 1], ["LIMIT", 1]]
  ↳ app/models/book.rb:33:in `publisher_name'
complete out={:authors=>"Joel Hartse, Hannah P. Templer, Marguerite Z. Duras", :edition=>"Book 2", :image_url=>"https://www.topshelfcomix.com/catalog/covers/americanelfvol2_lg.jpg", :isbn=>"978-1-891830-85-3", :price=>1000.0, :publication_year=>2004, :publisher=>"Paste Magazine", :title=>"American Elf"}
Completed 200 OK in 14ms (Views: 0.2ms | ActiveRecord: 11.0ms | Allocations: 3920)


  [1m[36mBook Load (0.4ms)[0m  [1m[34mSELECT "books".* FROM "books" WHERE "books"."isbn" = $1 LIMIT $2[0m  [["isbn", "9781891830853"], ["LIMIT", 1]]
  ↳ app/services/books_services/get_book.rb:16:in `book'
  [1m[36mAuthor Pluck (0.6ms)[0m  [1m[34mSELECT "authors"."first_name", "authors"."middle_name", "authors"."last_name" FROM "authors" INNER JOIN "book_authors" ON "authors"."id" = "book_authors"."author_id" WHERE "book_authors"."book_id" = $1[0m  [["book_id", 9781891830853]]
  ↳ app/models/book.rb:26:in `author_names'
  [1m[36mPublisher Load (0.4ms)[0m  [1m[34mSELECT "publishers".* FROM "publishers" WHERE "publishers"."id" = $1 LIMIT $2[0m  [["id", 1], ["LIMIT", 1]]
  ↳ app/models/book.rb:33:in `publisher_name'
complete out={:authors=>"Joel Hartse, Hannah P. Templer, Marguerite Z. Duras", :edition=>"Book 2", :image_url=>"https://www.topshelfcomix.com/catalog/covers/americanelfvol2_lg.jpg", :isbn=>"978-1-891830-85-3", :price=>1000.0, :publication_year=>2004, :publisher=>"Paste Magazine", :title=>"American Elf"}
Completed 200 OK in 39ms (Views: 0.2ms | ActiveRecord: 8.5ms | Allocations: 7121)


